120	1.2
0.000000	0.000000	0.000000
1GPW_r.pdb	46.200	6.646	13.677
1GPW_l.pdb	24.438	31.493	14.856
2.617994	2.251330	-2.330739	110	15	96	18.32
0.261799	1.658653	-2.409879	10	20	8	18.34
-3.141593	0.992645	-1.723759	111	100	117	17.60
-1.832596	1.948085	-2.363031	17	102	9	17.48
1.047198	2.456751	-1.503343	118	1	95	17.36
-2.879793	0.290380	-0.796960	2	102	104	16.54
2.356194	2.108018	1.311430	17	16	4	16.38
2.356194	1.554776	0.100351	22	8	21	16.56
1.832596	1.741644	-2.695914	94	3	118	16.88
1.570796	1.683268	0.374177	96	110	1	16.64
1.308997	2.393226	1.857173	1	107	94	16.10
-1.308997	2.349581	-2.702517	26	116	10	16.44
-1.047198	2.089241	-0.114193	11	13	19	16.56
0.523599	2.881233	-2.582574	90	109	117	16.36
0.261799	1.756530	-2.105156	9	20	10	16.30
-0.261799	1.413347	-1.339188	114	98	114	16.64
-0.261799	0.906588	1.252948	109	16	102	16.06
0.000000	1.014500	0.906702	101	14	106	16.70
-3.141593	2.033014	2.977192	113	96	111	15.20
-3.141593	1.325504	-1.671296	111	99	4	15.50
-3.141593	1.045978	0.343692	16	103	113	15.86
2.879793	2.456751	-1.503343	108	23	108	15.04
-2.879793	1.391910	3.030322	16	17	8	15.02
2.879793	0.961715	0.014085	6	99	117	15.10
-2.879793	0.961715	0.014085	18	104	113	15.28
2.617994	2.588535	-2.976617	4	93	111	15.46
2.617994	1.301460	-0.509251	106	100	6	15.04
2.617994	1.195355	1.200319	2	12	22	15.20
-2.617994	1.194549	-0.801900	110	7	27	15.46
2.617994	0.674054	1.013609	4	107	99	15.34
2.617994	0.458961	-0.107937	119	102	105	15.60
2.617994	0.290380	-0.796960	4	16	17	15.12
-2.356194	1.875281	0.107086	19	116	20	15.70
-2.356194	1.135834	-1.431087	118	103	96	15.36
2.356194	1.134497	-1.109631	119	3	88	15.76
2.094395	2.637879	2.121598	2	27	119	15.34
-2.094395	2.115563	0.685730	106	23	117	15.92
2.094395	1.809167	1.213774	5	25	119	15.64
2.094395	1.554776	0.100351	102	103	2	15.10
-2.094395	0.674054	1.013609	3	19	21	15.06
-1.832596	2.863997	0.549740	105	17	101	15.04
1.832596	2.396274	-1.959260	101	12	14	15.00
1.832596	2.247462	0.191623	112	109	21	15.46
-1.832596	1.134796	2.434290	105	13	14	15.38
1.308997	2.089241	-0.114193	102	117	18	15.16
-1.308997	1.909857	-0.381669	18	6	20	15.24
1.308997	1.128190	-2.288622	101	13	106	15.16
-1.308997	0.831641	0.616218	18	16	109	15.68
1.047198	2.881233	-2.582574	14	98	110	15.16
-1.047198	2.637879	2.121598	20	13	13	15.48
-0.785398	2.760637	2.781135	19	6	19	15.00
0.785398	2.404280	-0.174044	113	119	25	15.24
0.523599	2.153910	-1.714959	2	11	23	15.38
0.523599	1.417623	-0.202254	26	114	1	15.70
0.261799	2.187132	-0.479875	119	7	26	15.30
0.261799	1.506530	1.988858	118	104	95	15.44
0.261799	1.214854	-1.966664	2	98	117	15.82
0.000000	1.836682	-0.676006	117	15	18	15.16
0.000000	1.134497	-1.109631	9	23	1	15.52
-3.141593	2.393226	1.857173	119	23	115	14.18
-3.141593	1.998705	2.370472	7	10	93	14.04
-3.141593	1.909857	-0.381669	119	23	18	14.24
-3.141593	1.741644	-2.695914	105	99	114	14.26
-3.141593	1.135834	-1.431087	28	13	0	14.04
-3.141593	0.929350	-2.910676	1	25	2	14.66
-3.141593	0.864993	2.278281	0	115	94	14.38
-3.141593	0.674054	1.013609	11	113	98	14.04
2.879793	2.404280	-0.174044	103	9	101	14.40
2.879793	2.153910	-1.714959	110	110	21	14.40
-2.879793	2.115563	0.685730	18	108	17	14.00
-2.879793	2.033014	2.977192	5	98	8	14.08
2.879793	1.998705	2.370472	7	8	92	14.22
2.879793	1.948085	-2.363031	103	19	105	14.70
2.879793	1.836682	-0.676006	0	24	15	14.28
-2.879793	1.721184	-0.153948	1	20	21	14.20
-2.879793	1.569311	-3.003978	109	19	102	14.36
2.879793	1.433411	-1.035986	102	103	11	14.62
-2.879793	1.335669	0.897240	95	104	10	14.08
-2.879793	1.325504	-1.671296	23	11	22	14.20
-2.879793	1.301460	-0.509251	12	99	6	14.32
2.879793	1.247695	1.809890	8	105	102	14.62
-2.879793	1.247695	1.809890	10	107	102	14.12
-2.879793	0.899350	-2.069907	112	99	114	14.82
-2.879793	0.379747	-1.713059	3	18	15	14.42
2.617994	2.719179	-1.780644	103	16	100	14.00
-2.617994	2.579248	-2.364801	117	12	26	14.96
-2.617994	2.456751	-1.503343	96	18	115	14.14
2.617994	2.379497	0.561089	29	12	118	14.98
2.617994	2.041297	-2.664597	112	14	94	14.76
-2.617994	1.569311	-3.003978	7	102	104	14.70
-2.617994	1.301460	-0.509251	114	9	28	14.16
-2.617994	1.128190	-2.288622	117	98	111	14.16
2.617994	0.700570	1.559208	113	102	99	14.20
-2.617994	0.379747	-1.713059	112	106	101	14.48
2.617994	0.370812	-2.547742	112	25	10	14.10
2.356194	2.356369	3.005869	108	21	100	14.12
2.356194	2.343981	-1.040456	91	104	1	14.22
-2.356194	2.299159	2.264663	26	110	3	14.52
2.356194	2.247462	0.191623	117	26	14	14.28
2.356194	2.033014	2.977192	24	3	109	14.26
-2.356194	1.998705	2.370472	26	110	116	14.20
-2.356194	1.721184	-0.153948	19	113	19	14.76
-2.356194	1.440580	2.260026	108	18	99	14.10
-2.356194	0.864993	2.278281	0	117	94	14.16
2.356194	0.831641	0.616218	117	12	21	14.06
-2.356194	0.733948	3.021411	2	114	95	14.00
-2.356194	0.418037	1.360082	5	17	23	14.36
-2.094395	1.998705	2.370472	116	13	93	14.08
2.094395	1.948085	-2.363031	17	99	111	14.34
2.094395	1.756530	-2.105156	5	27	112	14.12
2.094395	1.545873	-1.877082	117	103	95	14.90
-2.094395	1.168678	2.108595	2	99	106	14.70
-1.832596	2.881233	-2.582574	118	103	96	14.56
1.832596	2.393226	1.857173	100	103	7	14.38
-1.832596	2.041297	-2.664597	18	104	9	14.96
1.832596	1.554776	0.100351	99	105	2	14.18
-1.832596	1.440580	2.260026	17	0	29	14.30
-1.832596	1.128190	-2.288622	15	104	106	14.32
-1.832596	0.080730	-2.622036	111	113	96	14.16
1.570796	2.393226	1.857173	93	5	1	14.42
1.570796	1.870545	-2.976234	94	6	119	14.90
-1.570796	1.836682	-0.676006	19	119	21	14.80
1.570796	1.741644	-2.695914	94	7	118	14.74
1.308997	2.637879	2.121598	15	112	29	14.80
-1.308997	2.089241	-0.114193	16	5	23	14.48
-1.308997	1.982574	-1.115518	112	20	99	14.46
1.308997	1.948085	-2.363031	13	110	103	14.30
1.308997	1.617114	-1.572037	20	116	104	14.26
1.308997	1.554776	0.100351	93	117	2	14.44
-1.308997	1.506530	1.988858	23	8	23	14.30
1.308997	1.450119	-2.739050	17	102	119	14.96
-1.047198	2.251330	-2.330739	27	115	9	14.16
1.047198	2.164094	-2.991358	106	19	6	14.50
-1.047198	2.153910	-1.714959	18	22	109	14.48
1.047198	1.683268	0.374177	96	118	13	14.32
-1.047198	1.510910	-0.740472	23	7	16	14.04
-1.047198	1.335669	0.897240	21	15	114	14.18
-1.047198	1.247695	1.809890	15	13	104	14.72
1.047198	1.134796	2.434290	95	0	19	14.10
1.047198	0.640596	-2.797608	1	10	95	14.56
1.047198	0.615174	-0.666022	25	1	10	14.00
-1.047198	0.458961	-0.107937	10	12	100	14.44
1.047198	0.379747	-1.713059	114	16	100	14.08
-0.785398	2.637879	2.121598	16	15	14	14.18
-0.785398	2.592629	0.909713	7	17	17	14.22
-0.785398	2.379497	0.561089	5	19	14	14.32
0.785398	2.138223	1.678323	12	23	108	14.28
0.785398	2.033014	2.977192	113	100	108	14.82
-0.785398	1.875281	0.107086	116	117	89	14.20
0.785398	1.574060	2.783565	103	12	101	14.22
0.785398	1.134497	-1.109631	25	113	116	14.90
-0.785398	0.850607	-1.335383	28	7	117	14.00
-0.523599	1.904882	-1.478089	5	94	118	14.82
-0.523599	1.756530	-2.105156	4	25	103	14.88
-0.523599	0.419640	2.974122	103	3	18	14.14
0.261799	2.863997	0.549740	109	113	25	14.42
-0.261799	2.724429	-0.348782	118	0	26	14.68
-0.261799	2.719179	-1.780644	1	28	10	14.72
-0.261799	2.587733	0.232235	107	13	16	14.10
-0.261799	2.295480	1.008277	5	98	1	14.40
-0.261799	2.153910	-1.714959	110	22	101	14.00
0.261799	1.982574	-1.115518	8	28	114	14.34
0.261799	1.846342	-1.796954	6	25	3	14.20
-0.261799	1.741644	-2.695914	7	102	101	14.18
-0.261799	1.599406	1.426070	115	22	113	14.22
-0.261799	1.413430	2.550734	111	13	26	14.06
-0.261799	1.335669	0.897240	112	22	114	14.26
-0.261799	1.184361	0.625864	114	21	111	14.22
0.261799	1.128190	-2.288622	9	20	107	14.32
-0.261799	0.571433	-1.188419	93	10	110	14.56
0.000000	0.709924	0.218797	112	16	101	14.08
-3.141593	2.724429	-0.348782	101	2	99	13.50
-3.141593	2.299159	2.264663	110	17	21	13.14
-3.141593	1.736875	3.023612	112	98	109	13.84
-3.141593	1.617114	-1.572037	112	99	10	13.46
-3.141593	1.504028	0.636812	90	107	7	13.12
-3.141593	1.488617	1.159546	12	98	2	13.14
-3.141593	0.831641	0.616218	21	100	119	13.56
-3.141593	0.709924	0.218797	113	95	113	13.02
-3.141593	0.685216	-1.712745	25	106	12	13.18
-3.141593	0.615174	-0.666022	8	25	115	13.06
-3.141593	0.571433	-1.188419	9	97	0	13.16
-3.141593	0.379747	-1.713059	5	18	14	13.40
2.879793	2.984978	1.954446	116	110	24	13.60
2.879793	2.979456	-1.009304	103	112	99	13.00
2.879793	2.719179	-1.780644	110	117	25	13.80
2.879793	2.704512	1.488683	108	17	21	13.32
-2.879793	2.478122	2.609777	113	20	20	13.96
-2.879793	2.343981	-1.040456	5	93	112	13.46
-2.879793	2.299159	2.264663	118	23	117	13.36
-2.879793	2.251330	-2.330739	24	100	5	13.30
-2.879793	2.164094	-2.991358	2	97	9	13.58
2.879793	2.164094	-2.991358	101	102	2	13.04
2.879793	2.104282	-0.813972	97	98	114	13.32
-2.879793	2.041297	-2.664597	109	96	118	13.02
2.879793	2.033014	2.977192	119	8	91	13.04
-2.879793	1.948085	-2.363031	106	97	119	13.46
2.879793	1.809167	1.213774	3	98	0	13.06
-2.879793	1.766067	2.153843	118	102	107	13.94
2.879793	1.766067	2.153843	11	11	94	13.08
2.879793	1.756530	-2.105156	95	107	2	13.20
-2.879793	1.741644	-2.695914	108	99	114	13.46
2.879793	1.440580	2.260026	23	99	5	13.58
-2.879793	1.440580	2.260026	10	108	100	13.64
2.879793	1.134497	-1.109631	113	98	4	13.72
2.879793	1.045978	0.343692	115	95	118	13.00
2.879793	0.992645	-1.723759	103	15	97	13.58
2.879793	0.906588	1.252948	9	109	100	13.02
2.879793	0.866395	-2.492918	31	113	112	13.30
-2.879793	0.864993	2.278281	0	28	118	13.66
2.879793	0.850607	-1.335383	109	100	114	13.98
-2.879793	0.709924	0.218797	118	98	23	13.18
-2.879793	0.685216	-1.712745	115	99	111	13.20
2.879793	0.685216	-1.712745	105	20	101	13.18
2.879793	0.379747	-1.713059	119	28	119	13.20
2.617994	2.984978	1.954446	115	111	24	13.26
-2.617994	2.863997	0.549740	2	98	104	13.58
2.617994	2.704512	1.488683	114	20	101	13.06
-2.617994	2.587733	0.232235	2	110	92	13.42
2.617994	2.587733	0.232235	107	15	103	13.54
2.617994	2.456751	-1.503343	116	115	26	13.16
-2.617994	2.455966	-0.641220	89	109	0	13.22
2.617994	2.295480	1.008277	32	3	114	13.26
2.617994	2.153910	-1.714959	94	117	12	13.34
-2.617994	2.001437	0.381215	96	100	116	13.66
2.617994	1.875281	0.107086	118	110	91	13.68
2.617994	1.741644	-2.695914	96	108	115	13.14
-2.617994	1.699788	2.452890	18	107	105	13.30
2.617994	1.617114	-1.572037	95	111	8	13.18
-2.617994	1.606104	-0.451151	13	104	19	13.04
-2.617994	1.574060	2.783565	105	13	97	13.20
2.617994	1.569311	-3.003978	119	93	113	13.12
2.617994	1.554776	0.100351	113	22	0	13.38
-2.617994	1.545873	-1.877082	22	10	101	13.02
2.617994	1.510910	-0.740472	117	101	16	13.24
2.617994	1.488617	1.159546	5	96	1	13.88
-2.617994	1.413430	2.550734	107	13	94	13.00
2.617994	1.374601	-2.456031	25	8	116	13.36
-2.617994	1.242974	-2.977882	3	106	99	13.40
2.617994	1.135834	-1.431087	32	6	0	13.06
-2.617994	1.135813	-2.658866	110	103	104	13.10
-2.617994	1.113094	-0.272241	113	18	97	13.80
-2.617994	0.960688	-0.577532	13	98	4	13.78
2.617994	0.929350	-2.910676	22	102	11	13.22
-2.617994	0.899350	-2.069907	116	100	106	13.04
-2.617994	0.850607	-1.335383	115	119	87	13.36
-2.617994	0.762244	-0.273349	18	15	103	13.54
2.617994	0.733948	3.021411	1	29	117	13.20
-2.617994	0.685216	-1.712745	105	101	105	13.82
2.617994	0.203748	0.590255	8	28	3	13.48
-2.356194	2.343981	-1.040456	90	4	108	13.56
2.356194	2.180315	-1.357379	1	4	94	13.46
-2.356194	2.104282	-0.813972	91	6	113	13.32
2.356194	2.073035	2.027405	117	27	5	13.12
2.356194	2.063651	-2.044600	94	119	9	13.52
2.356194	1.977582	0.969896	5	97	14	13.18
-2.356194	1.948085	-2.363031	8	100	14	13.60
2.356194	1.870545	-2.976234	109	5	26	13.02
2.356194	1.846342	-1.796954	2	27	114	13.50
-2.356194	1.824694	1.850876	119	22	101	13.58
-2.356194	1.699788	2.452890	113	16	95	13.28
-2.356194	1.606104	-0.451151	19	111	19	13.48
-2.356194	1.555207	1.708892	106	15	96	13.14
2.356194	1.417623	-0.202254	13	8	27	13.34
-2.356194	1.413430	2.550734	16	112	101	13.44
2.356194	1.413347	-1.339188	97	110	8	13.04
-2.356194	1.391910	3.030322	22	8	23	13.32
2.356194	1.374601	-2.456031	3	26	109	13.12
2.356194	1.335669	0.897240	0	26	3	13.20
2.356194	1.310100	1.488307	117	24	12	13.04
-2.356194	1.256302	0.062705	111	8	26	13.40
2.356194	1.135834	-1.431087	109	22	14	13.50
-2.356194	1.134796	2.434290	117	107	99	13.52
-2.356194	1.134497	-1.109631	16	102	5	13.32
-2.356194	1.128190	-2.288622	109	12	92	13.98
-2.356194	0.906588	1.252948	3	22	18	13.80
-2.356194	0.866955	-0.931351	13	98	0	13.70
-2.356194	0.674054	1.013609	6	18	21	13.76
-2.356194	0.640596	-2.797608	111	109	97	13.76
2.356194	0.203748	0.590255	116	105	98	13.46
2.356194	0.080730	-2.622036	16	113	22	13.02
-2.094395	2.724429	-0.348782	13	95	115	13.26
-2.094395	2.379497	0.561089	103	22	114	13.14
-2.094395	2.174483	2.653697	108	20	115	13.50
2.094395	2.164094	-2.991358	93	117	1	13.02
-2.094395	2.089241	-0.114193	15	118	24	13.04
2.094395	2.001437	0.381215	111	105	19	13.02
-2.094395	1.909857	-0.381669	18	116	21	13.98
-2.094395	1.846342	-1.796954	8	100	17	13.46
-2.094395	1.766067	2.153843	109	95	1	13.82
-2.094395	1.510910	-0.740472	19	107	17	13.06
-2.094395	1.448123	-2.163292	108	21	115	13.12
-2.094395	1.391910	3.030322	21	10	23	13.90
-2.094395	1.374601	-2.456031	108	21	118	13.38
-2.094395	1.256302	0.062705	111	7	27	13.40
-2.094395	1.134796	2.434290	21	118	25	13.12
-2.094395	1.134497	-1.109631	95	3	110	13.90
2.094395	1.134497	-1.109631	119	3	88	13.82
-2.094395	0.640596	-2.797608	7	108	99	13.54
-2.094395	0.418037	1.360082	2	17	23	13.00
-2.094395	0.203748	0.590255	8	100	99	13.22
-1.832596	2.295480	1.008277	22	11	15	13.82
-1.832596	2.174483	2.653697	116	8	91	13.02
-1.832596	2.138223	1.678323	113	22	102	13.82
1.832596	2.063651	-2.044600	8	22	103	13.40
1.832596	2.001437	0.381215	104	106	13	13.76
-1.832596	1.998705	2.370472	27	117	119	13.30
-1.832596	1.836682	-0.676006	19	117	20	13.92
-1.832596	1.766067	2.153843	12	0	32	13.12
-1.832596	1.741644	-2.695914	95	115	99	13.68
1.832596	1.683268	0.374177	19	17	5	13.22
-1.832596	1.658653	-2.409879	93	113	101	13.36
-1.832596	1.450119	-2.739050	18	107	104	13.68
-1.832596	1.135813	-2.658866	14	107	103	13.38
-1.832596	1.113094	-0.272241	111	26	106	13.76
-1.832596	1.014500	0.906702	23	4	107	13.46
-1.832596	0.914445	2.687814	118	103	100	13.12
1.832596	0.866955	-0.931351	97	105	112	13.40
-1.832596	0.709924	0.218797	107	11	95	13.58
1.832596	0.700570	1.559208	32	113	5	13.16
1.832596	0.640596	-2.797608	116	107	92	13.18
-1.570796	2.881233	-2.582574	95	117	15	13.20
1.570796	2.881233	-2.582574	116	4	26	13.50
1.570796	2.579248	-2.364801	101	95	2	13.02
1.570796	2.379497	0.561089	109	15	96	13.72
-1.570796	2.356369	3.005869	27	117	7	13.82
-1.570796	2.343981	-1.040456	2	99	100	13.40
-1.570796	2.299159	2.264663	114	7	90	13.32
-1.570796	2.295480	1.008277	105	8	27	13.30
1.570796	2.247462	0.191623	109	110	21	13.42
-1.570796	2.041297	-2.664597	26	112	5	13.20
-1.570796	1.977582	0.969896	114	24	17	13.20
-1.570796	1.721184	-0.153948	22	6	17	13.74
-1.570796	1.696674	-1.253233	112	22	103	13.72
-1.570796	1.440580	2.260026	17	2	29	13.38
-1.570796	1.134796	2.434290	92	7	115	13.30
-1.570796	1.128190	-2.288622	96	101	114	13.72
-1.570796	1.014500	0.906702	23	8	109	13.84
-1.570796	0.960688	-0.577532	96	109	1	13.54
1.570796	0.906588	1.252948	16	100	17	13.84
-1.570796	0.762244	-0.273349	28	119	113	13.38
-1.570796	0.619654	-2.216909	101	100	11	13.00
-1.570796	0.419640	2.974122	20	106	23	13.50
1.570796	0.290380	-0.796960	28	8	106	13.38
1.308997	2.881233	-2.582574	115	10	22	13.44
1.308997	2.719179	-1.780644	4	8	25	13.52
-1.308997	2.588535	-2.976617	6	23	101	13.04
1.308997	2.456751	-1.503343	3	108	95	13.70
1.308997	2.396274	-1.959260	4	106	98	13.30
1.308997	2.379497	0.561089	108	108	21	13.22
-1.308997	2.299159	2.264663	10	16	24	13.02
1.308997	2.247462	0.191623	107	110	21	13.54
1.308997	2.104282	-0.813972	110	4	24	13.98
1.308997	1.904882	-1.478089	102	10	14	13.86
-1.308997	1.872854	1.543456	11	113	32	13.84
-1.308997	1.736875	3.023612	27	118	118	13.22
1.308997	1.696674	-1.253233	102	11	14	13.16
-1.308997	1.555207	1.708892	20	14	109	13.42
1.308997	1.555207	1.708892	18	101	108	13.92
-1.308997	1.545873	-1.877082	114	22	101	13.38
1.308997	1.433411	-1.035986	5	29	116	13.14
1.308997	1.374601	-2.456031	23	107	0	13.72
-1.308997	1.214854	-1.966664	111	23	103	13.14
1.308997	1.214854	-1.966664	0	98	104	13.36
-1.308997	1.113094	-0.272241	112	18	98	13.10
-1.308997	1.014500	0.906702	26	103	8	13.20
-1.308997	0.906588	1.252948	26	105	10	13.06
-1.308997	0.619654	-2.216909	107	23	108	13.26
-1.308997	0.419640	2.974122	4	116	96	13.56
1.308997	0.203748	0.590255	8	27	116	13.14
-1.308997	0.203748	0.590255	107	13	99	13.18
1.047198	2.984978	1.954446	119	26	5	13.78
-1.047198	2.704512	1.488683	106	15	97	13.38
1.047198	2.588535	-2.976617	106	19	10	13.74
1.047198	2.404280	-0.174044	114	117	25	13.72
1.047198	2.356369	3.005869	111	99	107	13.64
1.047198	2.174483	2.653697	97	110	20	13.08
-1.047198	2.104282	-0.813972	12	3	25	13.24
-1.047198	1.948085	-2.363031	104	94	6	13.28
1.047198	1.812176	0.656819	27	3	6	13.22
-1.047198	1.809167	1.213774	14	100	106	13.30
1.047198	1.699788	2.452890	98	12	111	13.40
-1.047198	1.662363	0.915448	90	7	3	13.18
1.047198	1.617114	-1.572037	103	13	11	13.22
1.047198	1.599406	1.426070	1	19	98	13.00
-1.047198	1.545873	-1.877082	110	21	101	13.78
1.047198	1.506530	1.988858	114	10	93	13.00
1.047198	1.450119	-2.739050	13	101	119	13.02
1.047198	1.391910	3.030322	109	19	109	13.24
-1.047198	1.325504	-1.671296	113	12	91	13.26
1.047198	1.135813	-2.658866	94	102	106	13.56
-1.047198	1.045978	0.343692	17	17	113	13.84
-1.047198	1.014500	0.906702	8	21	109	13.16
1.047198	0.961715	0.014085	12	115	28	13.16
1.047198	0.929350	-2.910676	10	98	105	13.86
-1.047198	0.733948	3.021411	103	13	95	13.36
1.047198	0.709924	0.218797	12	109	96	13.26
1.047198	0.700570	1.559208	114	21	18	13.02
1.047198	0.674054	1.013609	99	20	112	13.36
-1.047198	0.619654	-2.216909	115	97	17	13.24
-1.047198	0.615174	-0.666022	111	106	20	13.12
1.047198	0.203748	0.590255	113	105	99	13.38
-0.785398	2.979456	-1.009304	0	116	27	13.30
0.785398	2.719179	-1.780644	115	25	103	13.18
-0.785398	2.407836	1.410646	1	97	109	13.22
-0.785398	2.396274	-1.959260	106	20	105	13.08
0.785398	2.393226	1.857173	94	2	11	13.70
-0.785398	2.299159	2.264663	18	20	3	13.04
0.785398	2.187132	-0.479875	113	3	25	13.30
0.785398	2.164094	-2.991358	111	102	104	13.60
0.785398	2.089241	-0.114193	104	5	19	13.60
0.785398	1.909857	-0.381669	105	8	19	13.66
0.785398	1.875281	0.107086	96	4	7	13.20
0.785398	1.872854	1.543456	114	101	24	13.04
0.785398	1.836682	-0.676006	110	13	20	13.36
0.785398	1.766067	2.153843	95	6	106	13.96
0.785398	1.732874	-0.951685	102	9	14	13.44
0.785398	1.699788	2.452890	101	16	111	13.30
0.785398	1.683268	0.374177	95	4	3	13.20
0.785398	1.555207	1.708892	110	13	26	13.40
-0.785398	1.545873	-1.877082	110	15	94	13.94
-0.785398	1.488617	1.159546	9	20	111	13.54
0.785398	1.448123	-2.163292	112	99	109	13.56
0.785398	1.413430	2.550734	106	14	103	13.70
-0.785398	1.325504	-1.671296	112	11	91	13.44
-0.785398	1.301460	-0.509251	7	109	93	13.54
0.785398	1.194549	-0.801900	26	115	116	13.76
0.785398	1.134796	2.434290	104	3	95	13.06
-0.785398	1.113094	-0.272241	116	24	115	13.02
-0.785398	0.866955	-0.931351	91	110	114	13.02
0.785398	0.866395	-2.492918	1	17	101	13.14
-0.785398	0.618092	2.539118	111	6	23	13.20
-0.785398	0.080730	-2.622036	103	5	18	13.94
0.523599	2.478122	2.609777	113	4	89	13.60
0.523599	2.455966	-0.641220	22	100	118	13.64
-0.523599	2.295480	1.008277	112	98	116	13.80
0.523599	2.187132	-0.479875	110	6	22	13.68
0.523599	2.138223	1.678323	14	22	108	13.00
0.523599	2.089241	-0.114193	106	6	20	13.94
0.523599	1.909857	-0.381669	107	10	19	13.46
0.523599	1.904882	-1.478089	116	19	15	13.06
-0.523599	1.846342	-1.796954	14	6	22	13.86
-0.523599	1.836682	-0.676006	112	95	10	13.00
0.523599	1.824694	1.850876	94	7	108	13.90
-0.523599	1.824694	1.850876	117	24	110	13.24
0.523599	1.766067	2.153843	104	19	114	13.22
-0.523599	1.741644	-2.695914	6	101	101	13.38
-0.523599	1.599406	1.426070	118	24	113	13.70
0.523599	1.574060	2.783565	91	12	114	13.38
-0.523599	1.574060	2.783565	1	28	117	13.24
-0.523599	1.448123	-2.163292	119	94	117	13.26
0.523599	1.448123	-2.163292	112	100	108	13.44
0.523599	1.440580	2.260026	103	9	99	13.22
0.523599	1.301460	-0.509251	6	24	103	13.12
0.523599	1.247695	1.809890	103	8	101	13.40
0.523599	1.218453	2.777284	117	10	93	13.68
-0.523599	1.214854	-1.966664	28	7	116	13.32
0.523599	1.194549	-0.801900	4	23	16	13.32
0.523599	1.135813	-2.658866	111	23	13	13.20
0.523599	1.113094	-0.272241	25	114	7	13.42
0.523599	1.045978	0.343692	2	29	114	13.40
0.523599	0.992645	-1.723759	112	96	9	13.08
0.523599	0.864993	2.278281	25	101	2	13.32
-0.523599	0.831641	0.616218	118	17	102	13.92
0.523599	0.762244	-0.273349	25	117	11	13.42
0.523599	0.640596	-2.797608	28	108	5	13.82
-0.523599	0.571433	-1.188419	94	14	110	13.74
-0.523599	0.496451	0.593859	103	10	22	13.12
-0.523599	0.203748	0.590255	114	13	96	13.56
0.261799	2.881233	-2.582574	11	15	21	13.78
0.261799	2.664082	-1.071402	92	104	116	13.02
-0.261799	2.455966	-0.641220	4	2	27	13.24
-0.261799	2.349581	-2.702517	118	26	8	13.58
-0.261799	2.138223	1.678323	113	23	1	13.90
-0.261799	2.089241	-0.114193	119	16	18	13.80
0.261799	2.001437	0.381215	23	109	117	13.08
0.261799	1.909857	-0.381669	118	11	25	13.06
-0.261799	1.904882	-1.478089	11	24	108	13.60
-0.261799	1.756530	-2.105156	0	26	103	13.26
-0.261799	1.699788	2.452890	4	21	106	13.46
-0.261799	1.662363	0.915448	20	102	112	13.80
0.261799	1.617114	-1.572037	12	105	105	13.44
-0.261799	1.574060	2.783565	6	18	102	13.32
0.261799	1.504028	0.636812	19	107	12	13.04
0.261799	1.448123	-2.163292	4	24	116	13.34
-0.261799	1.433411	-1.035986	9	22	6	13.68
0.261799	1.433411	-1.035986	5	20	96	13.78
0.261799	1.413347	-1.339188	1	24	6	13.90
0.261799	1.135834	-1.431087	8	24	117	13.66
0.261799	1.050534	3.042579	4	13	98	13.20
-0.261799	1.045978	0.343692	114	21	111	13.72
-0.261799	1.025536	1.576859	104	14	101	13.88
-0.261799	0.992645	-1.723759	108	4	90	13.48
0.261799	0.929350	-2.910676	24	102	1	13.78
0.261799	0.866395	-2.492918	106	101	6	13.12
-0.261799	0.831641	0.616218	113	18	105	13.96
-0.261799	0.709924	0.218797	114	22	109	13.10
0.261799	0.700570	1.559208	2	29	4	13.50
-0.261799	0.685216	-1.712745	5	9	91	13.24
-0.261799	0.674054	1.013609	9	116	25	13.80
-0.261799	0.496451	0.593859	107	3	26	13.48
0.000000	2.719179	-1.780644	116	27	11	13.30
0.000000	2.478122	2.609777	100	103	15	13.24
0.000000	2.379497	0.561089	106	15	12	13.44
0.000000	2.343981	-1.040456	117	23	101	13.30
0.000000	1.982574	-1.115518	10	109	100	13.24
0.000000	1.909857	-0.381669	113	15	18	13.46
0.000000	1.732874	-0.951685	12	108	103	13.80
0.000000	1.506530	1.988858	111	19	104	13.26
0.000000	1.433411	-1.035986	4	22	8	13.36
0.000000	1.335669	0.897240	104	20	116	13.12
0.000000	1.325504	-1.671296	118	97	116	13.78
0.000000	1.310100	1.488307	105	17	106	13.58
0.000000	1.247695	1.809890	1	108	23	13.34
0.000000	1.045978	0.343692	111	20	111	13.12
0.000000	1.025536	1.576859	103	10	101	13.40
0.000000	0.906588	1.252948	104	10	100	13.04
0.000000	0.866395	-2.492918	103	103	6	13.98
0.000000	0.591903	2.010408	106	2	94	13.84
0.000000	0.203748	0.590255	1	29	7	13.92
-3.141593	2.881233	-2.582574	108	113	93	12.20
-3.141593	2.704512	1.488683	118	21	108	12.48
-3.141593	2.592629	0.909713	0	105	93	12.14
-3.141593	2.579248	-2.364801	14	104	97	12.60
-3.141593	2.404280	-0.174044	101	6	101	12.72
-3.141593	2.396274	-1.959260	23	100	118	12.12
-3.141593	2.379497	0.561089	11	109	24	12.28
-3.141593	2.356369	3.005869	1	97	13	12.34
-3.141593	2.349581	-2.702517	20	97	111	12.58
-3.141593	2.343981	-1.040456	114	1	93	12.30
-3.141593	2.295480	1.008277	15	112	29	12.32
-3.141593	2.187132	-0.479875	101	8	102	12.88
-3.141593	2.153910	-1.714959	112	106	21	12.38
-3.141593	2.115563	0.685730	4	102	101	12.06
-3.141593	2.063651	-2.044600	109	105	17	12.44
-3.141593	2.001437	0.381215	108	103	22	12.02
-3.141593	1.869911	2.701025	3	11	92	12.36
-3.141593	1.812176	0.656819	119	110	93	12.54
-3.141593	1.756530	-2.105156	99	19	110	12.78
-3.141593	1.721184	-0.153948	10	101	15	12.08
-3.141593	1.658653	-2.409879	103	101	115	12.30
-3.141593	1.506530	1.988858	14	106	102	12.50
-3.141593	1.440580	2.260026	104	18	99	12.26
-3.141593	1.433411	-1.035986	104	101	11	12.72
-3.141593	1.413430	2.550734	118	20	96	12.76
-3.141593	1.335669	0.897240	10	96	1	12.96
-3.141593	1.247695	1.809890	116	109	97	12.38
-3.141593	1.135813	-2.658866	20	16	4	12.16
-3.141593	1.134796	2.434290	2	114	93	12.22
-3.141593	1.128190	-2.288622	17	18	119	12.70
-3.141593	1.113094	-0.272241	10	99	1	12.32
-3.141593	0.850607	-1.335383	28	14	0	12.32
-3.141593	0.762244	-0.273349	11	101	111	12.84
-3.141593	0.458961	-0.107937	92	118	97	12.86
-3.141593	0.297065	2.160177	118	6	95	12.08
-2.879793	2.984978	1.954446	110	15	100	12.04
-2.879793	2.863997	0.549740	108	13	99	12.32
-2.879793	2.719179	-1.780644	13	94	14	12.12
-2.879793	2.592629	0.909713	98	10	107	12.32
2.879793	2.592629	0.909713	116	22	110	12.28
-2.879793	2.404280	-0.174044	4	114	91	12.90
2.879793	2.396274	-1.959260	19	97	118	12.28
2.879793	2.393226	1.857173	9	97	12	12.10
-2.879793	2.379497	0.561089	16	102	105	12.58
2.879793	2.379497	0.561089	10	108	24	12.70
-2.879793	2.356369	3.005869	4	99	13	12.10
-2.879793	2.349581	-2.702517	24	100	111	12.56
-2.879793	2.295480	1.008277	20	114	23	12.08
2.879793	2.295480	1.008277	14	110	29	12.76
2.879793	2.247462	0.191623	6	107	24	12.22
2.879793	2.187132	-0.479875	104	11	102	12.18
2.879793	2.174483	2.653697	2	5	90	12.54
-2.879793	2.138223	1.678323	26	108	7	12.30
2.879793	2.115563	0.685730	1	102	101	12.58
2.879793	2.041297	-2.664597	98	104	1	12.20
-2.879793	2.001437	0.381215	100	101	15	12.42
-2.879793	1.998705	2.370472	15	21	8	12.58
2.879793	1.982574	-1.115518	108	6	93	12.12
-2.879793	1.870545	-2.976234	106	114	25	12.62
2.879793	1.869911	2.701025	3	10	91	12.70
-2.879793	1.809167	1.213774	119	18	20	12.08
2.879793	1.741644	-2.695914	99	104	115	12.04
-2.879793	1.736875	3.023612	107	10	93	12.56
2.879793	1.732874	-0.951685	113	114	90	12.92
2.879793	1.699788	2.452890	20	17	109	12.02
-2.879793	1.699788	2.452890	118	99	110	12.62
-2.879793	1.696674	-1.253233	109	13	100	12.04
2.879793	1.617114	-1.572037	110	105	17	12.86
-2.879793	1.617114	-1.572037	105	100	11	12.72
-2.879793	1.574060	2.783565	7	106	99	12.68
2.879793	1.574060	2.783565	16	19	107	12.16
2.879793	1.569311	-3.003978	2	98	102	12.44
2.879793	1.555207	1.708892	119	100	107	12.30
-2.879793	1.510910	-0.740472	4	99	15	12.12
-2.879793	1.506530	1.988858	110	17	17	12.52
2.879793	1.488617	1.159546	9	96	2	12.62
-2.879793	1.488617	1.159546	16	98	3	12.96
-2.879793	1.450119	-2.739050	107	101	110	12.54
-2.879793	1.433411	-1.035986	2	98	13	12.66
2.879793	1.413430	2.550734	25	100	119	12.60
2.879793	1.391910	3.030322	4	99	105	12.18
2.879793	1.325504	-1.671296	30	9	1	12.24
2.879793	1.214854	-1.966664	106	12	93	12.66
2.879793	1.195355	1.200319	119	12	22	12.90
-2.879793	1.194549	-0.801900	110	8	27	12.88
2.879793	1.168678	2.108595	3	93	117	12.20
-2.879793	1.168678	2.108595	0	106	99	12.94
2.879793	1.135834	-1.431087	30	9	119	12.76
-2.879793	1.135834	-1.431087	105	97	118	12.10
-2.879793	1.135813	-2.658866	12	21	5	12.20
2.879793	1.134796	2.434290	24	98	119	12.46
-2.879793	1.128190	-2.288622	15	20	119	12.08
2.879793	1.025536	1.576859	0	107	98	12.88
2.879793	0.960688	-0.577532	11	23	111	12.82
-2.879793	0.929350	-2.910676	33	117	117	12.14
2.879793	0.914445	2.687814	17	97	111	12.08
2.879793	0.910508	1.903534	2	110	96	12.32
-2.879793	0.866395	-2.492918	21	7	23	12.18
-2.879793	0.762244	-0.273349	14	102	110	12.94
2.879793	0.709924	0.218797	110	100	106	12.50
2.879793	0.674054	1.013609	15	1	27	12.56
2.879793	0.640596	-2.797608	14	16	97	12.12
-2.879793	0.618092	2.539118	21	103	17	12.18
-2.879793	0.591903	2.010408	20	100	108	12.60
2.879793	0.591903	2.010408	108	93	3	12.32
2.879793	0.571433	-1.188419	5	97	0	12.64
2.879793	0.458961	-0.107937	2	99	108	12.08
2.879793	0.290380	-0.796960	109	109	97	12.32
-2.879793	0.203748	0.590255	103	8	22	12.12
2.617994	2.979456	-1.009304	117	23	102	12.28
2.617994	2.760637	2.781135	109	100	16	12.96
-2.617994	2.724429	-0.348782	102	115	99	12.66
-2.617994	2.719179	-1.780644	113	0	93	12.38
-2.617994	2.704512	1.488683	105	17	107	12.08
-2.617994	2.588535	-2.976617	112	108	23	12.46
2.617994	2.579248	-2.364801	20	98	5	12.22
-2.617994	2.478122	2.609777	111	19	20	12.72
-2.617994	2.393226	1.857173	27	111	8	12.58
2.617994	2.349581	-2.702517	109	11	93	12.68
-2.617994	2.295480	1.008277	96	8	110	12.38
-2.617994	2.251330	-2.330739	27	104	6	12.08
2.617994	2.187132	-0.479875	9	96	107	12.50
2.617994	2.174483	2.653697	105	98	118	12.52
-2.617994	2.164094	-2.991358	30	109	7	12.86
2.617994	2.164094	-2.991358	113	26	14	12.78
2.617994	2.138223	1.678323	4	95	4	12.18
-2.617994	2.104282	-0.813972	4	106	94	12.16
2.617994	2.073035	2.027405	4	94	0	12.00
-2.617994	2.073035	2.027405	26	109	119	12.34
2.617994	2.063651	-2.044600	100	112	13	12.44
2.617994	2.001437	0.381215	114	22	17	12.00
-2.617994	1.904882	-1.478089	31	108	8	12.76
-2.617994	1.875281	0.107086	1	23	18	12.78
-2.617994	1.872854	1.543456	27	112	118	12.32
2.617994	1.870545	-2.976234	105	14	95	12.18
-2.617994	1.824694	1.850876	111	1	29	12.88
-2.617994	1.736875	3.023612	104	6	93	12.42
2.617994	1.732874	-0.951685	0	26	12	12.30
-2.617994	1.721184	-0.153948	14	107	21	12.40
2.617994	1.699788	2.452890	8	98	22	12.32
-2.617994	1.683268	0.374177	24	115	19	12.66
-2.617994	1.662363	0.915448	97	104	13	12.86
2.617994	1.658653	-2.409879	95	110	118	12.52
-2.617994	1.617114	-1.572037	32	109	4	12.28
-2.617994	1.555207	1.708892	114	100	105	12.36
2.617994	1.555207	1.708892	110	118	30	12.32
2.617994	1.545873	-1.877082	119	27	114	12.62
-2.617994	1.510910	-0.740472	7	98	15	12.52
-2.617994	1.506530	1.988858	105	15	96	12.78
-2.617994	1.440580	2.260026	116	21	99	12.18
2.617994	1.433411	-1.035986	2	24	14	12.82
-2.617994	1.417623	-0.202254	95	9	118	12.52
2.617994	1.417623	-0.202254	12	9	28	12.56
2.617994	1.413430	2.550734	23	7	13	12.92
2.617994	1.413347	-1.339188	110	103	15	12.84
-2.617994	1.391910	3.030322	7	107	98	12.56
-2.617994	1.335669	0.897240	98	101	11	12.02
-2.617994	1.325504	-1.671296	20	13	23	12.46
-2.617994	1.310100	1.488307	11	26	3	12.86
2.617994	1.247695	1.809890	14	22	104	12.02
2.617994	1.242974	-2.977882	23	100	9	12.72
-2.617994	1.218453	2.777284	103	17	101	12.34
2.617994	1.184361	0.625864	4	95	3	12.24
-2.617994	1.168678	2.108595	4	12	22	12.68
2.617994	1.134497	-1.109631	0	3	88	12.46
2.617994	1.045978	0.343692	109	19	12	12.02
2.617994	0.961715	0.014085	99	18	108	12.22
-2.617994	0.961715	0.014085	114	94	109	12.12
2.617994	0.960688	-0.577532	114	15	93	12.72
-2.617994	0.914445	2.687814	25	111	19	12.00
2.617994	0.709924	0.218797	4	102	106	12.40
-2.617994	0.709924	0.218797	2	98	23	12.92
-2.617994	0.591903	2.010408	3	3	94	12.48
-2.617994	0.571433	-1.188419	23	105	0	12.14
-2.617994	0.496451	0.593859	14	117	98	12.96
2.617994	0.496451	0.593859	111	103	100	12.40
2.617994	0.418037	1.360082	16	117	26	12.06
2.617994	0.379747	-1.713059	31	3	111	12.02
-2.617994	0.080730	-2.622036	5	95	113	12.68
-2.356194	2.863997	0.549740	94	103	116	12.02
2.356194	2.719179	-1.780644	15	23	106	12.64
2.356194	2.704512	1.488683	117	21	101	12.96
2.356194	2.637879	2.121598	3	94	14	12.04
2.356194	2.592629	0.909713	119	104	19	12.42
2.356194	2.579248	-2.364801	107	17	98	12.94
2.356194	2.456751	-1.503343	116	24	104	12.72
2.356194	2.393226	1.857173	100	105	5	12.32
2.356194	2.349581	-2.702517	112	13	93	12.64
2.356194	2.295480	1.008277	32	118	114	12.30
2.356194	2.251330	-2.330739	94	0	9	12.38
-2.356194	2.174483	2.653697	11	12	28	12.00
2.356194	2.174483	2.653697	100	102	0	12.66
2.356194	2.164094	-2.991358	24	109	19	12.44
-2.356194	2.138223	1.678323	7	19	98	12.62
2.356194	2.138223	1.678323	26	106	15	12.52
-2.356194	2.089241	-0.114193	17	116	22	12.62
-2.356194	2.001437	0.381215	22	1	19	12.40
2.356194	2.001437	0.381215	113	103	18	12.00
-2.356194	1.909857	-0.381669	15	116	25	12.24
-2.356194	1.904882	-1.478089	2	100	20	12.28
-2.356194	1.869911	2.701025	19	105	110	12.02
2.356194	1.824694	1.850876	25	105	16	12.10
2.356194	1.809167	1.213774	111	97	119	12.08
-2.356194	1.766067	2.153843	104	10	93	12.06
2.356194	1.756530	-2.105156	1	26	110	12.56
2.356194	1.741644	-2.695914	94	114	117	12.40
2.356194	1.736875	3.023612	114	92	6	12.36
2.356194	1.606104	-0.451151	20	10	23	12.48
-2.356194	1.574060	2.783565	33	2	9	12.70
-2.356194	1.510910	-0.740472	16	106	17	12.42
-2.356194	1.506530	1.988858	103	13	96	12.12
-2.356194	1.488617	1.159546	5	27	7	12.50
2.356194	1.450119	-2.739050	94	114	114	12.54
2.356194	1.448123	-2.163292	1	27	113	12.28
-2.356194	1.448123	-2.163292	111	8	90	12.70
2.356194	1.433411	-1.035986	115	0	89	12.36
-2.356194	1.433411	-1.035986	106	18	105	12.56
2.356194	1.256302	0.062705	15	4	28	12.40
2.356194	1.247695	1.809890	18	20	104	12.86
-2.356194	1.242974	-2.977882	10	103	108	12.78
-2.356194	1.218453	2.777284	101	16	101	12.08
-2.356194	1.214854	-1.966664	111	21	113	12.58
2.356194	1.195355	1.200319	119	25	9	12.76
2.356194	1.194549	-0.801900	6	15	24	12.56
-2.356194	1.184361	0.625864	95	102	119	12.70
2.356194	1.135813	-2.658866	22	103	12	12.10
-2.356194	1.135813	-2.658866	10	104	25	12.48
2.356194	1.134796	2.434290	119	100	24	12.24
2.356194	1.113094	-0.272241	20	14	103	12.36
-2.356194	1.045978	0.343692	92	106	114	12.54
2.356194	1.045978	0.343692	119	16	19	12.86
2.356194	1.014500	0.906702	118	11	23	12.60
-2.356194	0.960688	-0.577532	115	116	30	12.52
-2.356194	0.914445	2.687814	112	107	100	12.68
2.356194	0.906588	1.252948	33	118	5	12.88
2.356194	0.899350	-2.069907	91	115	119	12.30
-2.356194	0.866395	-2.492918	102	16	98	12.42
-2.356194	0.850607	-1.335383	9	100	106	12.16
2.356194	0.850607	-1.335383	5	3	88	12.10
2.356194	0.733948	3.021411	91	115	7	12.02
-2.356194	0.709924	0.218797	108	24	106	12.38
-2.356194	0.685216	-1.712745	110	99	106	12.90
-2.356194	0.619654	-2.216909	8	106	102	12.16
2.356194	0.591903	2.010408	118	92	113	12.40
-2.356194	0.496451	0.593859	116	96	104	12.10
2.356194	0.379747	-1.713059	21	14	11	12.10
-2.356194	0.379747	-1.713059	117	103	101	12.76
-2.094395	2.760637	2.781135	117	109	91	12.32
2.094395	2.704512	1.488683	23	11	112	12.32
-2.094395	2.637879	2.121598	2	110	89	12.04
2.094395	2.592629	0.909713	118	9	31	12.76
2.094395	2.579248	-2.364801	106	13	95	12.20
-2.094395	2.478122	2.609777	106	19	111	12.16
2.094395	2.455966	-0.641220	108	19	102	12.12
2.094395	2.404280	-0.174044	89	7	0	12.18
2.094395	2.393226	1.857173	99	107	5	12.52
-2.094395	2.393226	1.857173	101	18	119	12.80
2.094395	2.343981	-1.040456	98	14	100	12.84
2.094395	2.299159	2.264663	101	99	1	12.62
2.094395	2.295480	1.008277	18	17	0	12.80
2.094395	2.180315	-1.357379	108	4	24	12.74
-2.094395	2.073035	2.027405	110	95	0	12.98
2.094395	2.073035	2.027405	0	27	5	12.38
2.094395	2.063651	-2.044600	5	22	102	12.14
-2.094395	2.033014	2.977192	20	103	116	12.30
2.094395	1.977582	0.969896	4	25	115	12.02
-2.094395	1.948085	-2.363031	115	14	99	12.78
2.094395	1.909857	-0.381669	105	111	20	12.18
-2.094395	1.756530	-2.105156	11	99	9	12.18
-2.094395	1.741644	-2.695914	94	119	99	12.06
2.094395	1.741644	-2.695914	93	118	117	12.32
2.094395	1.732874	-0.951685	27	104	111	12.60
-2.094395	1.732874	-0.951685	18	112	19	12.66
2.094395	1.721184	-0.153948	102	104	7	12.88
2.094395	1.662363	0.915448	113	21	100	12.08
2.094395	1.658653	-2.409879	4	27	110	12.24
2.094395	1.617114	-1.572037	95	0	9	12.96
-2.094395	1.617114	-1.572037	11	101	17	12.18
-2.094395	1.599406	1.426070	20	97	117	12.52
-2.094395	1.569311	-3.003978	112	22	118	12.84
2.094395	1.555207	1.708892	30	119	118	12.34
-2.094395	1.440580	2.260026	104	15	97	12.48
2.094395	1.417623	-0.202254	97	12	99	12.04
-2.094395	1.413347	-1.339188	16	101	8	12.16
2.094395	1.325504	-1.671296	114	20	96	12.88
-2.094395	1.301460	-0.509251	4	104	95	12.82
2.094395	1.301460	-0.509251	17	6	26	12.10
-2.094395	1.247695	1.809890	102	119	21	12.76
2.094395	1.214854	-1.966664	22	104	13	12.14
2.094395	1.194549	-0.801900	115	5	88	12.28
-2.094395	1.194549	-0.801900	112	19	99	12.92
2.094395	1.135813	-2.658866	27	0	3	12.38
-2.094395	1.128190	-2.288622	107	20	119	12.86
2.094395	1.113094	-0.272241	115	102	100	12.22
2.094395	1.025536	1.576859	33	117	1	12.56
-2.094395	1.014500	0.906702	24	1	107	12.14
2.094395	1.014500	0.906702	0	12	23	12.30
-2.094395	0.929350	-2.910676	8	100	110	12.82
-2.094395	0.899350	-2.069907	112	0	87	12.38
-2.094395	0.850607	-1.335383	111	9	89	12.66
2.094395	0.831641	0.616218	7	14	20	12.46
-2.094395	0.831641	0.616218	116	28	9	12.62
2.094395	0.709924	0.218797	26	108	18	12.54
2.094395	0.700570	1.559208	33	117	6	12.68
2.094395	0.640596	-2.797608	91	116	6	12.56
-2.094395	0.591903	2.010408	0	1	94	12.28
2.094395	0.419640	2.974122	119	3	93	12.48
-2.094395	0.080730	-2.622036	2	12	22	12.20
1.832596	2.760637	2.781135	106	112	93	12.74
-1.832596	2.719179	-1.780644	1	20	99	12.44
-1.832596	2.704512	1.488683	18	99	5	12.56
-1.832596	2.592629	0.909713	1	100	102	12.24
1.832596	2.579248	-2.364801	106	92	3	12.00
-1.832596	2.478122	2.609777	109	111	89	12.14
1.832596	2.407836	1.410646	106	100	11	12.04
-1.832596	2.404280	-0.174044	11	0	25	12.64
-1.832596	2.349581	-2.702517	113	16	102	12.00
1.832596	2.295480	1.008277	0	102	24	12.98
1.832596	2.180315	-1.357379	100	13	96	12.78
-1.832596	2.164094	-2.991358	22	104	4	12.24
-1.832596	2.153910	-1.714959	25	9	102	12.56
1.832596	2.153910	-1.714959	100	8	93	12.04
1.832596	2.115563	0.685730	104	104	12	12.42
-1.832596	2.089241	-0.114193	16	2	23	12.32
-1.832596	2.063651	-2.044600	105	21	109	12.28
1.832596	2.041297	-2.664597	14	97	115	12.28
-1.832596	2.033014	2.977192	26	111	118	12.60
-1.832596	1.977582	0.969896	117	26	15	12.48
-1.832596	1.846342	-1.796954	116	24	16	12.40
-1.832596	1.756530	-2.105156	105	21	113	12.28
-1.832596	1.662363	0.915448	108	18	96	12.12
1.832596	1.606104	-0.451151	110	96	113	12.66
1.832596	1.510910	-0.740472	119	28	112	12.12
-1.832596	1.510910	-0.740472	105	119	27	12.16
1.832596	1.504028	0.636812	114	0	89	12.42
1.832596	1.450119	-2.739050	115	114	88	12.00
-1.832596	1.448123	-2.163292	8	25	108	12.78
1.832596	1.413430	2.550734	101	95	2	12.38
-1.832596	1.374601	-2.456031	106	20	118	12.18
1.832596	1.310100	1.488307	111	20	101	12.30
1.832596	1.256302	0.062705	112	25	106	12.40
1.832596	1.247695	1.809890	119	26	10	12.42
-1.832596	1.242974	-2.977882	19	109	107	12.16
-1.832596	1.194549	-0.801900	116	95	103	12.06
-1.832596	1.168678	2.108595	28	1	19	12.30
-1.832596	1.135834	-1.431087	24	15	10	12.00
1.832596	1.128190	-2.288622	27	116	0	12.44
-1.832596	0.992645	-1.723759	116	17	95	12.10
-1.832596	0.910508	1.903534	15	2	98	12.58
1.832596	0.906588	1.252948	20	103	18	12.38
-1.832596	0.899350	-2.069907	2	22	100	12.28
-1.832596	0.864993	2.278281	12	1	96	12.34
-1.832596	0.850607	-1.335383	7	27	7	12.74
-1.832596	0.640596	-2.797608	118	113	93	12.30
-1.832596	0.496451	0.593859	4	15	25	12.08
1.832596	0.496451	0.593859	28	108	15	12.88
1.832596	0.458961	-0.107937	10	26	114	12.58
-1.832596	0.419640	2.974122	16	103	23	12.86
1.832596	0.418037	1.360082	119	110	96	12.02
1.832596	0.203748	0.590255	112	109	98	12.36
-1.570796	2.984978	1.954446	27	115	12	12.14
1.570796	2.979456	-1.009304	92	6	15	12.32
1.570796	2.760637	2.781135	24	109	19	12.20
-1.570796	2.704512	1.488683	18	16	16	12.04
1.570796	2.637879	2.121598	109	107	94	12.72
1.570796	2.592629	0.909713	103	109	14	12.48
1.570796	2.587733	0.232235	12	13	102	12.50
1.570796	2.396274	-1.959260	119	106	97	12.86
-1.570796	2.349581	-2.702517	25	112	10	12.36
1.570796	2.349581	-2.702517	13	109	103	12.30
1.570796	2.295480	1.008277	27	6	119	12.22
-1.570796	2.251330	-2.330739	22	106	11	12.32
-1.570796	2.164094	-2.991358	25	114	7	12.80
1.570796	2.153910	-1.714959	88	3	118	12.74
1.570796	2.138223	1.678323	5	28	0	12.34
-1.570796	2.115563	0.685730	25	116	102	12.20
-1.570796	2.089241	-0.114193	89	118	112	12.44
1.570796	2.089241	-0.114193	109	23	105	12.72
-1.570796	2.063651	-2.044600	19	103	14	12.70
-1.570796	1.982574	-1.115518	1	28	1	12.06
1.570796	1.948085	-2.363031	15	17	101	12.38
-1.570796	1.909857	-0.381669	18	2	21	12.30
-1.570796	1.875281	0.107086	118	97	106	12.52
-1.570796	1.872854	1.543456	97	117	12	12.56
1.570796	1.872854	1.543456	14	14	23	12.80
1.570796	1.846342	-1.796954	98	7	11	12.24
1.570796	1.696674	-1.253233	1	95	15	12.04
-1.570796	1.683268	0.374177	16	7	27	12.00
-1.570796	1.617114	-1.572037	116	24	15	12.90
1.570796	1.606104	-0.451151	108	15	96	12.00
-1.570796	1.510910	-0.740472	97	113	107	12.86
1.570796	1.450119	-2.739050	25	110	14	12.52
1.570796	1.448123	-2.163292	24	105	9	12.54
1.570796	1.433411	-1.035986	25	6	113	12.38
-1.570796	1.433411	-1.035986	108	20	102	12.60
-1.570796	1.413430	2.550734	92	6	111	12.20
-1.570796	1.413347	-1.339188	104	2	28	12.38
1.570796	1.413347	-1.339188	103	99	9	12.88
-1.570796	1.374601	-2.456031	24	12	102	12.42
1.570796	1.256302	0.062705	93	113	119	12.94
1.570796	1.242974	-2.977882	98	98	111	12.46
1.570796	1.134497	-1.109631	114	25	16	12.08
-1.570796	0.914445	2.687814	22	13	19	12.48
-1.570796	0.910508	1.903534	92	11	116	12.96
-1.570796	0.866395	-2.492918	93	103	115	12.72
1.570796	0.709924	0.218797	9	26	116	12.00
-1.570796	0.709924	0.218797	103	10	96	12.74
1.570796	0.700570	1.559208	19	100	14	12.34
-1.570796	0.685216	-1.712745	90	113	107	12.02
1.570796	0.640596	-2.797608	115	5	91	12.44
-1.570796	0.618092	2.539118	13	101	22	12.18
1.570796	0.615174	-0.666022	113	17	93	12.80
1.570796	0.571433	-1.188419	25	5	10	12.34
1.570796	0.496451	0.593859	4	7	24	12.10
-1.570796	0.458961	-0.107937	6	100	98	12.58
1.570796	0.418037	1.360082	114	113	95	12.44
-1.570796	0.418037	1.360082	105	16	17	12.34
1.570796	0.370812	-2.547742	119	109	90	12.42
-1.570796	0.297065	2.160177	3	29	112	12.00
-1.570796	0.080730	-2.622036	107	109	97	12.64
1.308997	2.979456	-1.009304	110	29	114	12.84
-1.308997	2.881233	-2.582574	116	19	102	12.64
1.308997	2.760637	2.781135	118	26	6	12.60
1.308997	2.664082	-1.071402	117	5	95	12.04
-1.308997	2.592629	0.909713	13	14	17	12.82
1.308997	2.588535	-2.976617	106	93	9	12.84
1.308997	2.478122	2.609777	106	114	91	12.90
1.308997	2.407836	1.410646	113	102	97	12.88
1.308997	2.404280	-0.174044	113	23	104	12.12
-1.308997	2.393226	1.857173	22	101	3	12.22
-1.308997	2.379497	0.561089	27	11	111	12.92
-1.308997	2.356369	3.005869	115	1	90	12.36
1.308997	2.349581	-2.702517	93	104	9	12.64
1.308997	2.251330	-2.330739	106	15	13	12.80
1.308997	2.180315	-1.357379	96	19	3	12.50
-1.308997	2.180315	-1.357379	111	22	103	12.86
1.308997	2.153910	-1.714959	102	9	91	12.14
1.308997	2.063651	-2.044600	105	14	14	12.74
-1.308997	2.041297	-2.664597	26	116	8	12.76
1.308997	2.041297	-2.664597	25	105	117	12.36
1.308997	2.033014	2.977192	2	23	12	12.82
1.308997	2.001437	0.381215	4	5	34	12.40
-1.308997	1.998705	2.370472	93	6	117	12.12
1.308997	1.872854	1.543456	11	96	109	12.78
-1.308997	1.836682	-0.676006	20	1	21	12.78
-1.308997	1.809167	1.213774	10	98	106	12.06
1.308997	1.732874	-0.951685	117	103	97	12.94
1.308997	1.683268	0.374177	19	101	16	12.40
-1.308997	1.606104	-0.451151	23	8	14	12.54
1.308997	1.440580	2.260026	20	105	104	12.16
-1.308997	1.374601	-2.456031	26	116	119	12.54
-1.308997	1.335669	0.897240	22	13	114	12.44
1.308997	1.310100	1.488307	95	11	16	12.00
-1.308997	1.256302	0.062705	102	0	24	12.12
-1.308997	1.247695	1.809890	18	11	104	12.82
-1.308997	1.242974	-2.977882	5	24	15	12.52
-1.308997	1.194549	-0.801900	117	112	90	12.84
-1.308997	1.184361	0.625864	20	16	116	12.00
1.308997	1.135834	-1.431087	6	29	2	12.46
1.308997	1.134796	2.434290	99	113	22	12.98
1.308997	1.134497	-1.109631	4	29	8	12.60
-1.308997	1.134497	-1.109631	115	93	112	12.64
1.308997	1.050534	3.042579	9	96	108	12.30
-1.308997	1.050534	3.042579	25	110	16	12.84
-1.308997	1.045978	0.343692	21	15	117	12.58
1.308997	1.045978	0.343692	21	10	14	12.18
1.308997	1.025536	1.576859	20	5	22	12.60
1.308997	0.866955	-0.931351	6	7	89	12.16
-1.308997	0.762244	-0.273349	25	8	113	12.54
1.308997	0.762244	-0.273349	111	19	96	12.40
1.308997	0.640596	-2.797608	0	111	89	12.58
1.308997	0.615174	-0.666022	2	29	4	12.06
-1.308997	0.458961	-0.107937	106	15	100	12.64
1.308997	0.419640	2.974122	2	6	95	12.04
-1.308997	0.379747	-1.713059	20	113	102	12.02
-1.047198	2.724429	-0.348782	1	27	1	12.58
1.047198	2.704512	1.488683	116	106	96	12.98
1.047198	2.637879	2.121598	94	0	10	12.14
1.047198	2.592629	0.909713	114	96	106	12.94
-1.047198	2.478122	2.609777	116	4	90	12.56
1.047198	2.478122	2.609777	105	116	91	12.30
-1.047198	2.455966	-0.641220	6	3	26	12.14
-1.047198	2.404280	-0.174044	4	106	100	12.48
1.047198	2.396274	-1.959260	0	119	94	12.20
-1.047198	2.393226	1.857173	0	29	1	12.44
-1.047198	2.379497	0.561089	24	13	111	12.12
-1.047198	2.349581	-2.702517	27	118	10	12.72
1.047198	2.349581	-2.702517	106	19	8	12.18
-1.047198	2.299159	2.264663	105	119	27	12.24
1.047198	2.295480	1.008277	113	96	108	12.96
-1.047198	2.247462	0.191623	27	111	19	12.80
-1.047198	2.187132	-0.479875	108	24	7	12.70
1.047198	2.138223	1.678323	8	24	108	12.00
1.047198	2.089241	-0.114193	109	1	25	12.70
1.047198	2.041297	-2.664597	108	20	7	12.32
1.047198	2.001437	0.381215	98	116	15	12.26
1.047198	1.998705	2.370472	97	12	115	12.32
1.047198	1.982574	-1.115518	14	20	102	12.00
-1.047198	1.875281	0.107086	105	101	112	12.04
1.047198	1.872854	1.543456	24	114	12	12.58
-1.047198	1.846342	-1.796954	23	3	15	12.26
1.047198	1.824694	1.850876	6	98	104	12.74
1.047198	1.809167	1.213774	26	118	9	12.12
1.047198	1.741644	-2.695914	107	20	4	12.44
-1.047198	1.732874	-0.951685	23	3	18	12.60
1.047198	1.732874	-0.951685	103	12	14	12.62
-1.047198	1.696674	-1.253233	105	99	14	12.20
1.047198	1.696674	-1.253233	103	13	12	12.46
1.047198	1.662363	0.915448	26	1	9	12.12
-1.047198	1.617114	-1.572037	118	13	91	12.00
-1.047198	1.599406	1.426070	12	97	110	12.34
-1.047198	1.555207	1.708892	17	16	110	12.32
1.047198	1.555207	1.708892	15	111	21	12.56
-1.047198	1.506530	1.988858	17	19	110	12.12
-1.047198	1.448123	-2.163292	104	17	99	12.72
1.047198	1.440580	2.260026	17	103	104	12.62
-1.047198	1.433411	-1.035986	105	101	15	12.02
1.047198	1.417623	-0.202254	23	114	20	12.44
1.047198	1.413430	2.550734	97	2	99	12.30
-1.047198	1.413347	-1.339188	107	99	15	12.22
-1.047198	1.391910	3.030322	2	22	19	12.68
1.047198	1.374601	-2.456031	31	2	112	12.94
-1.047198	1.374601	-2.456031	15	15	97	12.54
-1.047198	1.367556	0.358405	19	17	118	12.30
-1.047198	1.301460	-0.509251	24	11	11	12.32
-1.047198	1.168678	2.108595	13	6	99	12.08
1.047198	1.135834	-1.431087	101	17	114	12.04
-1.047198	1.134497	-1.109631	3	0	89	12.22
-1.047198	1.128190	-2.288622	13	10	94	12.24
-1.047198	1.113094	-0.272241	112	20	102	12.46
-1.047198	0.961715	0.014085	4	99	102	12.10
1.047198	0.899350	-2.069907	107	16	103	12.06
-1.047198	0.866955	-0.931351	28	7	0	12.28
1.047198	0.866395	-2.492918	118	18	101	12.06
-1.047198	0.864993	2.278281	11	2	97	12.34
-1.047198	0.831641	0.616218	9	22	110	12.36
1.047198	0.619654	-2.216909	10	99	13	12.38
1.047198	0.571433	-1.188419	105	21	111	12.12
1.047198	0.458961	-0.107937	6	103	100	12.56
1.047198	0.297065	2.160177	92	106	10	12.40
0.785398	2.984978	1.954446	107	8	20	12.42
0.785398	2.863997	0.549740	116	116	26	12.24
0.785398	2.588535	-2.976617	20	13	17	12.24
-0.785398	2.587733	0.232235	4	27	117	12.94
0.785398	2.587733	0.232235	115	1	27	12.24
-0.785398	2.478122	2.609777	21	18	7	12.00
-0.785398	2.456751	-1.503343	3	95	111	12.50
-0.785398	2.455966	-0.641220	24	100	116	12.32
0.785398	2.455966	-0.641220	117	0	26	12.08
0.785398	2.407836	1.410646	99	8	11	12.18
0.785398	2.379497	0.561089	115	27	15	12.02
0.785398	2.343981	-1.040456	107	26	7	12.58
0.785398	2.295480	1.008277	0	104	94	12.64
-0.785398	2.187132	-0.479875	0	99	108	12.46
-0.785398	2.180315	-1.357379	106	117	94	12.16
0.785398	2.180315	-1.357379	100	22	112	12.68
-0.785398	2.164094	-2.991358	97	118	104	12.02
-0.785398	2.153910	-1.714959	117	24	102	12.02
-0.785398	2.115563	0.685730	4	18	19	12.24
0.785398	2.108018	1.311430	11	105	30	12.00
-0.785398	2.089241	-0.114193	116	0	88	12.30
0.785398	2.001437	0.381215	96	4	7	12.52
-0.785398	1.948085	-2.363031	28	5	5	12.30
0.785398	1.948085	-2.363031	111	20	9	12.82
-0.785398	1.904882	-1.478089	108	97	111	12.08
0.785398	1.904882	-1.478089	0	99	103	12.32
-0.785398	1.870545	-2.976234	95	117	107	12.36
-0.785398	1.809167	1.213774	116	26	118	12.24
-0.785398	1.756530	-2.105156	28	5	5	12.02
0.785398	1.741644	-2.695914	111	21	3	12.90
0.785398	1.721184	-0.153948	13	14	27	12.30
-0.785398	1.696674	-1.253233	24	9	11	12.34
-0.785398	1.683268	0.374177	4	114	90	12.66
0.785398	1.662363	0.915448	111	7	92	12.40
-0.785398	1.662363	0.915448	109	95	113	12.24
0.785398	1.658653	-2.409879	118	118	31	12.50
-0.785398	1.599406	1.426070	118	26	115	12.34
-0.785398	1.450119	-2.739050	119	27	106	12.14
0.785398	1.413347	-1.339188	106	15	95	12.32
0.785398	1.391910	3.030322	111	20	108	12.86
0.785398	1.374601	-2.456031	31	119	112	12.52
-0.785398	1.335669	0.897240	26	107	12	12.78
0.785398	1.218453	2.777284	106	11	99	12.26
-0.785398	1.184361	0.625864	27	105	6	12.80
-0.785398	1.168678	2.108595	13	7	99	12.46
0.785398	1.135813	-2.658866	0	18	101	12.96
0.785398	1.128190	-2.288622	114	116	32	12.52
0.785398	1.050534	3.042579	117	5	90	12.08
0.785398	1.045978	0.343692	110	93	10	12.50
-0.785398	1.045978	0.343692	107	2	27	12.22
-0.785398	1.014500	0.906702	26	107	11	12.78
0.785398	0.992645	-1.723759	18	103	114	12.54
-0.785398	0.960688	-0.577532	111	98	2	12.74
0.785398	0.899350	-2.069907	11	100	7	12.56
-0.785398	0.866395	-2.492918	15	13	24	12.42
0.785398	0.864993	2.278281	111	8	96	12.28
-0.785398	0.831641	0.616218	5	23	110	12.30
-0.785398	0.674054	1.013609	26	108	12	12.16
-0.785398	0.615174	-0.666022	18	16	111	12.42
0.785398	0.571433	-1.188419	112	19	103	12.84
-0.785398	0.458961	-0.107937	7	15	101	12.48
0.785398	0.419640	2.974122	118	97	102	12.34
-0.785398	0.379747	-1.713059	23	118	104	12.88
0.785398	0.297065	2.160177	115	109	94	12.14
-0.523599	2.984978	1.954446	102	110	102	12.48
-0.523599	2.863997	0.549740	110	0	26	12.62
-0.523599	2.760637	2.781135	17	100	14	12.46
0.523599	2.760637	2.781135	113	10	91	12.44
0.523599	2.704512	1.488683	107	95	13	12.46
-0.523599	2.704512	1.488683	10	16	18	12.74
0.523599	2.637879	2.121598	107	14	15	12.56
0.523599	2.592629	0.909713	22	11	103	12.48
-0.523599	2.455966	-0.641220	2	119	92	12.10
-0.523599	2.407836	1.410646	10	101	23	12.20
0.523599	2.404280	-0.174044	15	96	0	12.22
-0.523599	2.379497	0.561089	14	5	92	12.34
-0.523599	2.356369	3.005869	21	19	3	12.92
-0.523599	2.349581	-2.702517	25	11	9	12.38
0.523599	2.343981	-1.040456	15	116	99	12.80
-0.523599	2.343981	-1.040456	117	30	9	12.26
-0.523599	2.251330	-2.330739	28	8	8	12.90
-0.523599	2.180315	-1.357379	4	94	115	12.82
0.523599	2.174483	2.653697	1	97	1	12.30
-0.523599	2.164094	-2.991358	97	116	105	12.10
-0.523599	2.153910	-1.714959	13	7	23	12.84
-0.523599	2.115563	0.685730	2	16	20	12.06
0.523599	2.115563	0.685730	111	93	4	12.06
0.523599	2.108018	1.311430	98	12	7	12.04
-0.523599	2.089241	-0.114193	1	17	18	12.10
-0.523599	2.001437	0.381215	2	19	16	12.98
-0.523599	1.875281	0.107086	5	20	15	12.12
0.523599	1.875281	0.107086	119	21	20	12.10
0.523599	1.872854	1.543456	3	112	88	12.36
-0.523599	1.872854	1.543456	25	103	0	12.20
-0.523599	1.869911	2.701025	95	108	115	12.34
-0.523599	1.812176	0.656819	89	114	4	12.52
-0.523599	1.809167	1.213774	2	99	14	12.44
0.523599	1.809167	1.213774	23	110	13	12.52
0.523599	1.756530	-2.105156	1	25	0	12.54
0.523599	1.732874	-0.951685	21	106	18	12.38
-0.523599	1.696674	-1.253233	112	96	115	12.46
0.523599	1.662363	0.915448	19	108	17	12.24
-0.523599	1.606104	-0.451151	111	99	110	12.78
0.523599	1.569311	-3.003978	114	22	109	12.34
0.523599	1.555207	1.708892	112	15	26	12.68
-0.523599	1.545873	-1.877082	107	14	94	12.70
0.523599	1.504028	0.636812	114	6	91	12.94
-0.523599	1.450119	-2.739050	115	26	106	12.26
0.523599	1.433411	-1.035986	4	22	16	12.04
-0.523599	1.433411	-1.035986	4	19	17	12.38
0.523599	1.413430	2.550734	105	9	97	12.44
-0.523599	1.391910	3.030322	96	112	5	12.08
-0.523599	1.374601	-2.456031	25	8	108	12.06
-0.523599	1.367556	0.358405	97	114	19	12.80
0.523599	1.367556	0.358405	25	19	116	12.80
-0.523599	1.335669	0.897240	114	25	118	12.06
-0.523599	1.325504	-1.671296	110	10	91	12.48
-0.523599	1.256302	0.062705	119	24	5	12.20
-0.523599	1.247695	1.809890	14	6	29	12.14
-0.523599	1.242974	-2.977882	93	116	4	12.12
-0.523599	1.195355	1.200319	114	22	109	12.44
-0.523599	1.184361	0.625864	116	24	116	12.28
0.523599	1.168678	2.108595	114	96	105	12.54
-0.523599	1.135813	-2.658866	21	1	99	12.68
0.523599	1.134497	-1.109631	24	110	115	12.30
-0.523599	1.113094	-0.272241	2	24	4	12.22
-0.523599	1.025536	1.576859	1	113	25	12.56
0.523599	0.929350	-2.910676	27	106	1	12.78
-0.523599	0.910508	1.903534	25	110	17	12.10
0.523599	0.899350	-2.069907	5	21	107	12.38
-0.523599	0.733948	3.021411	110	24	103	12.90
-0.523599	0.700570	1.559208	110	15	98	12.32
0.523599	0.685216	-1.712745	1	24	17	12.48
-0.523599	0.674054	1.013609	91	105	4	12.62
0.523599	0.370812	-2.547742	114	97	99	12.26
0.523599	0.297065	2.160177	88	110	116	12.34
0.523599	0.080730	-2.622036	114	95	102	12.24
0.261799	2.760637	2.781135	101	99	11	12.18
0.261799	2.704512	1.488683	101	8	16	12.96
-0.261799	2.664082	-1.071402	113	99	102	12.22
-0.261799	2.637879	2.121598	12	18	13	12.26
-0.261799	2.592629	0.909713	116	94	16	12.50
-0.261799	2.588535	-2.976617	109	20	99	12.62
0.261799	2.478122	2.609777	3	18	17	12.96
-0.261799	2.478122	2.609777	116	4	89	12.06
-0.261799	2.456751	-1.503343	21	99	117	12.02
0.261799	2.404280	-0.174044	108	3	21	12.32
-0.261799	2.404280	-0.174044	108	11	18	12.58
-0.261799	2.379497	0.561089	105	19	8	12.58
0.261799	2.349581	-2.702517	117	116	92	12.40
-0.261799	2.299159	2.264663	117	26	1	12.24
-0.261799	2.180315	-1.357379	12	26	113	12.90
0.261799	2.153910	-1.714959	116	27	7	12.22
-0.261799	1.846342	-1.796954	22	100	115	12.68
0.261799	1.824694	1.850876	95	11	108	12.44
-0.261799	1.812176	0.656819	89	111	4	12.26
-0.261799	1.766067	2.153843	0	23	20	12.24
0.261799	1.741644	-2.695914	89	110	117	12.32
0.261799	1.736875	3.023612	117	24	111	12.46
0.261799	1.699788	2.452890	9	21	109	12.04
0.261799	1.696674	-1.253233	1	22	11	12.58
-0.261799	1.606104	-0.451151	6	19	15	12.02
0.261799	1.599406	1.426070	111	9	94	12.22
0.261799	1.574060	2.783565	99	1	23	12.22
-0.261799	1.569311	-3.003978	3	102	99	12.66
-0.261799	1.555207	1.708892	95	103	111	12.34
0.261799	1.555207	1.708892	95	10	107	12.22
0.261799	1.545873	-1.877082	6	25	118	12.70
0.261799	1.510910	-0.740472	2	19	19	12.78
-0.261799	1.510910	-0.740472	114	97	113	12.54
-0.261799	1.506530	1.988858	111	24	18	12.64
-0.261799	1.504028	0.636812	34	2	5	12.50
-0.261799	1.488617	1.159546	117	23	114	12.08
-0.261799	1.450119	-2.739050	21	12	107	12.60
0.261799	1.325504	-1.671296	8	24	116	12.90
0.261799	1.310100	1.488307	7	108	24	12.50
0.261799	1.301460	-0.509251	5	22	18	12.06
-0.261799	1.301460	-0.509251	3	23	4	12.02
0.261799	1.256302	0.062705	97	12	116	12.84
0.261799	1.247695	1.809890	108	11	99	12.62
0.261799	1.242974	-2.977882	3	20	107	12.26
0.261799	1.218453	2.777284	2	14	98	12.42
-0.261799	1.214854	-1.966664	26	106	15	12.24
-0.261799	1.195355	1.200319	110	18	106	12.80
-0.261799	1.194549	-0.801900	9	22	5	12.80
0.261799	1.184361	0.625864	99	13	109	12.26
0.261799	1.135813	-2.658866	7	19	107	12.32
-0.261799	1.134497	-1.109631	10	22	3	12.12
-0.261799	1.128190	-2.288622	105	15	95	12.12
-0.261799	1.014500	0.906702	113	19	104	12.92
0.261799	0.961715	0.014085	98	13	112	12.62
0.261799	0.914445	2.687814	100	7	21	12.80
-0.261799	0.866955	-0.931351	4	116	88	12.44
0.261799	0.850607	-1.335383	1	25	116	12.12
0.261799	0.733948	3.021411	27	108	16	12.04
-0.261799	0.700570	1.559208	27	111	13	12.12
0.261799	0.640596	-2.797608	11	11	100	12.60
0.261799	0.619654	-2.216909	0	8	91	12.60
0.261799	0.615174	-0.666022	114	19	106	12.74
0.261799	0.591903	2.010408	106	118	94	12.02
0.261799	0.458961	-0.107937	33	118	112	12.10
-0.261799	0.419640	2.974122	102	119	18	12.66
-0.261799	0.370812	-2.547742	116	101	96	12.42
0.261799	0.297065	2.160177	117	3	26	12.14
0.000000	2.979456	-1.009304	116	100	99	12.12
0.000000	2.863997	0.549740	109	0	24	12.92
0.000000	2.724429	-0.348782	4	113	29	12.14
0.000000	2.637879	2.121598	109	22	9	12.44
0.000000	2.587733	0.232235	111	116	27	12.68
0.000000	2.404280	-0.174044	108	5	20	12.00
0.000000	2.356369	3.005869	119	27	116	12.02
0.000000	2.187132	-0.479875	15	110	103	12.80
0.000000	2.180315	-1.357379	22	100	0	12.36
0.000000	2.174483	2.653697	118	25	116	12.04
0.000000	2.089241	-0.114193	18	110	105	12.80
0.000000	1.977582	0.969896	116	18	19	12.14
0.000000	1.875281	0.107086	97	10	103	12.00
0.000000	1.846342	-1.796954	98	3	19	12.10
0.000000	1.809167	1.213774	112	23	0	12.14
0.000000	1.699788	2.452890	110	7	29	12.70
0.000000	1.696674	-1.253233	9	108	101	12.34
0.000000	1.662363	0.915448	98	101	7	12.48
0.000000	1.606104	-0.451151	22	20	109	12.50
0.000000	1.488617	1.159546	114	24	115	12.00
0.000000	1.413430	2.550734	119	14	96	12.88
0.000000	1.413347	-1.339188	110	101	107	12.84
0.000000	1.391910	3.030322	6	16	100	12.74
0.000000	1.195355	1.200319	24	16	16	12.12
0.000000	1.168678	2.108595	113	17	100	12.40
0.000000	1.134796	2.434290	87	118	119	12.00
0.000000	0.961715	0.014085	101	12	107	12.22
0.000000	0.910508	1.903534	103	7	97	12.70
0.000000	0.619654	-2.216909	1	8	91	12.26
0.000000	0.571433	-1.188419	119	110	90	12.30
0.000000	0.379747	-1.713059	27	6	19	12.32
0.000000	0.297065	2.160177	3	27	7	12.78
-3.141593	2.984978	1.954446	93	109	8	11.82
-3.141593	2.979456	-1.009304	1	96	109	11.98
-3.141593	2.760637	2.781135	118	105	22	11.08
-3.141593	2.719179	-1.780644	22	13	17	11.38
-3.141593	2.664082	-1.071402	114	26	14	11.72
-3.141593	2.637879	2.121598	118	25	13	11.14
-3.141593	2.587733	0.232235	108	16	102	11.10
-3.141593	2.478122	2.609777	9	95	9	11.68
-3.141593	2.455966	-0.641220	101	95	3	11.86
-3.141593	2.251330	-2.330739	102	104	10	11.92
-3.141593	2.247462	0.191623	28	13	107	11.84
-3.141593	2.180315	-1.357379	102	109	19	11.24
-3.141593	2.174483	2.653697	3	6	91	11.00
-3.141593	2.164094	-2.991358	107	101	8	11.60
-3.141593	2.138223	1.678323	107	7	27	11.72
-3.141593	2.108018	1.311430	3	21	17	11.64
-3.141593	2.104282	-0.813972	108	22	108	11.24
-3.141593	2.073035	2.027405	13	20	3	11.42
-3.141593	2.041297	-2.664597	109	98	6	11.66
-3.141593	1.982574	-1.115518	119	108	25	11.00
-3.141593	1.977582	0.969896	4	26	118	11.20
-3.141593	1.948085	-2.363031	103	14	99	11.32
-3.141593	1.875281	0.107086	94	11	116	11.48
-3.141593	1.846342	-1.796954	14	99	102	11.60
-3.141593	1.836682	-0.676006	115	14	97	11.52
-3.141593	1.824694	1.850876	0	98	116	11.36
-3.141593	1.809167	1.213774	118	21	15	11.42
-3.141593	1.766067	2.153843	101	9	93	11.34
-3.141593	1.732874	-0.951685	114	12	96	11.10
-3.141593	1.699788	2.452890	7	14	94	11.48
-3.141593	1.683268	0.374177	27	17	113	11.56
-3.141593	1.662363	0.915448	11	98	5	11.28
-3.141593	1.606104	-0.451151	1	15	94	11.74
-3.141593	1.599406	1.426070	0	116	90	11.14
-3.141593	1.574060	2.783565	114	17	95	11.50
-3.141593	1.569311	-3.003978	112	21	102	11.30
-3.141593	1.555207	1.708892	14	98	119	11.52
-3.141593	1.554776	0.100351	29	111	119	11.12
-3.141593	1.545873	-1.877082	108	17	22	11.30
-3.141593	1.450119	-2.739050	24	103	107	11.38
-3.141593	1.391910	3.030322	111	19	98	11.38
-3.141593	1.367556	0.358405	109	11	92	11.30
-3.141593	1.301460	-0.509251	100	10	98	11.24
-3.141593	1.256302	0.062705	108	20	102	11.14
-3.141593	1.218453	2.777284	115	22	99	11.62
-3.141593	1.214854	-1.966664	109	99	2	11.26
-3.141593	1.195355	1.200319	19	106	108	11.02
-3.141593	1.184361	0.625864	104	11	14	11.20
-3.141593	1.168678	2.108595	25	100	5	11.92
-3.141593	1.134497	-1.109631	105	12	23	11.50
-3.141593	1.025536	1.576859	90	11	109	11.18
-3.141593	1.014500	0.906702	19	106	108	11.16
-3.141593	0.961715	0.014085	109	23	107	11.40
-3.141593	0.910508	1.903534	117	113	95	11.38
-3.141593	0.899350	-2.069907	117	110	91	11.76
-3.141593	0.640596	-2.797608	28	113	105	11.74
-3.141593	0.618092	2.539118	93	106	3	11.52
-3.141593	0.591903	2.010408	2	119	94	11.22
-3.141593	0.496451	0.593859	106	14	19	11.98
-3.141593	0.419640	2.974122	28	109	12	11.92
-3.141593	0.418037	1.360082	20	115	100	11.28
-3.141593	0.290380	-0.796960	118	20	17	11.06
-3.141593	0.080730	-2.622036	16	104	23	11.16
-2.879793	2.979456	-1.009304	8	25	101	11.82
-2.879793	2.760637	2.781135	118	105	94	11.42
-2.879793	2.724429	-0.348782	7	111	93	11.92
-2.879793	2.704512	1.488683	10	27	3	11.96
-2.879793	2.664082	-1.071402	11	96	110	11.88
2.879793	2.664082	-1.071402	111	23	106	11.66
2.879793	2.637879	2.121598	115	106	23	11.54
-2.879793	2.588535	-2.976617	101	8	20	11.36
-2.879793	2.456751	-1.503343	98	22	119	11.16
2.879793	2.455966	-0.641220	7	112	92	11.50
-2.879793	2.455966	-0.641220	112	119	91	11.48
2.879793	2.407836	1.410646	118	23	115	11.24
2.879793	2.349581	-2.702517	113	26	13	11.48
2.879793	2.343981	-1.040456	115	0	92	11.68
2.879793	2.299159	2.264663	112	19	20	11.90
2.879793	2.180315	-1.357379	117	111	25	11.48
2.879793	2.138223	1.678323	25	4	102	11.12
-2.879793	2.108018	1.311430	1	22	18	11.68
-2.879793	2.104282	-0.813972	114	112	90	11.10
2.879793	2.089241	-0.114193	5	107	23	11.30
-2.879793	2.089241	-0.114193	25	111	106	11.26
-2.879793	2.073035	2.027405	116	23	0	11.76
-2.879793	2.063651	-2.044600	114	101	16	11.08
2.879793	2.063651	-2.044600	103	21	107	11.98
-2.879793	1.977582	0.969896	119	27	118	11.62
2.879793	1.909857	-0.381669	112	22	111	11.76
-2.879793	1.909857	-0.381669	110	95	12	11.18
-2.879793	1.904882	-1.478089	25	2	19	11.60
-2.879793	1.875281	0.107086	116	27	4	11.02
2.879793	1.872854	1.543456	27	6	104	11.60
-2.879793	1.872854	1.543456	26	108	118	11.62
2.879793	1.870545	-2.976234	101	103	117	11.46
-2.879793	1.869911	2.701025	13	21	5	11.72
-2.879793	1.846342	-1.796954	116	101	17	11.26
2.879793	1.846342	-1.796954	10	98	102	11.60
2.879793	1.824694	1.850876	25	5	101	11.06
-2.879793	1.824694	1.850876	110	3	28	11.20
-2.879793	1.812176	0.656819	0	28	1	11.34
-2.879793	1.756530	-2.105156	115	97	8	11.28
2.879793	1.736875	3.023612	119	13	92	11.86
2.879793	1.721184	-0.153948	21	11	23	11.06
2.879793	1.683268	0.374177	87	113	5	11.46
-2.879793	1.662363	0.915448	109	100	22	11.60
2.879793	1.658653	-2.409879	96	15	106	11.12
-2.879793	1.658653	-2.409879	105	99	115	11.10
-2.879793	1.606104	-0.451151	116	17	96	11.14
-2.879793	1.599406	1.426070	115	110	95	11.08
-2.879793	1.554776	0.100351	98	13	1	11.04
-2.879793	1.545873	-1.877082	116	97	5	11.18
2.879793	1.545873	-1.877082	110	18	22	11.44
2.879793	1.510910	-0.740472	118	100	16	11.82
2.879793	1.506530	1.988858	3	97	22	11.16
-2.879793	1.504028	0.636812	92	104	7	11.96
2.879793	1.504028	0.636812	89	111	8	11.62
-2.879793	1.448123	-2.163292	13	99	104	11.44
-2.879793	1.417623	-0.202254	100	96	114	11.02
-2.879793	1.413430	2.550734	9	102	107	11.94
-2.879793	1.374601	-2.456031	16	20	0	11.88
2.879793	1.367556	0.358405	107	16	98	11.24
2.879793	1.335669	0.897240	91	108	10	11.70
2.879793	1.310100	1.488307	106	95	12	11.28
2.879793	1.301460	-0.509251	105	100	13	11.66
2.879793	1.242974	-2.977882	3	100	101	11.64
-2.879793	1.218453	2.777284	114	26	110	11.22
-2.879793	1.195355	1.200319	21	99	2	11.24
2.879793	1.194549	-0.801900	103	100	9	11.90
2.879793	1.184361	0.625864	104	18	102	11.22
2.879793	1.135813	-2.658866	1	103	96	11.68
-2.879793	1.134796	2.434290	105	114	25	11.06
2.879793	1.128190	-2.288622	119	106	93	11.96
-2.879793	1.113094	-0.272241	13	100	1	11.24
2.879793	1.050534	3.042579	22	11	13	11.48
-2.879793	1.045978	0.343692	98	10	10	11.80
-2.879793	0.992645	-1.723759	117	97	118	11.78
-2.879793	0.960688	-0.577532	115	6	29	11.82
-2.879793	0.914445	2.687814	22	107	20	11.08
-2.879793	0.906588	1.252948	113	0	26	11.76
-2.879793	0.866955	-0.931351	23	105	4	11.52
2.879793	0.866955	-0.931351	114	2	31	11.18
2.879793	0.864993	2.278281	12	4	23	11.32
-2.879793	0.850607	-1.335383	118	96	119	11.82
2.879793	0.831641	0.616218	87	115	109	11.52
2.879793	0.762244	-0.273349	113	99	109	11.90
2.879793	0.733948	3.021411	21	101	13	11.24
-2.879793	0.700570	1.559208	111	94	8	11.62
-2.879793	0.674054	1.013609	100	20	106	11.92
-2.879793	0.619654	-2.216909	106	20	100	11.28
2.879793	0.618092	2.539118	103	109	21	11.32
-2.879793	0.615174	-0.666022	6	27	114	11.66
2.879793	0.615174	-0.666022	116	101	108	11.46
-2.879793	0.571433	-1.188419	100	113	22	11.78
-2.879793	0.496451	0.593859	12	119	30	11.54
2.879793	0.496451	0.593859	109	16	19	11.50
2.879793	0.419640	2.974122	118	29	2	11.04
2.879793	0.418037	1.360082	103	14	99	11.74
2.879793	0.370812	-2.547742	20	10	16	11.92
-2.879793	0.297065	2.160177	116	6	95	11.80
2.879793	0.203748	0.590255	8	20	102	11.66
-2.617994	2.984978	1.954446	107	13	100	11.52
-2.617994	2.979456	-1.009304	15	97	114	11.88
-2.617994	2.637879	2.121598	112	16	24	11.06
2.617994	2.592629	0.909713	104	9	25	11.64
2.617994	2.478122	2.609777	103	102	7	11.06
2.617994	2.455966	-0.641220	11	94	112	11.80
-2.617994	2.407836	1.410646	17	105	15	11.06
-2.617994	2.396274	-1.959260	22	99	8	11.22
-2.617994	2.379497	0.561089	18	104	104	11.86
-2.617994	2.356369	3.005869	7	99	12	11.18
2.617994	2.356369	3.005869	118	27	12	11.96
-2.617994	2.349581	-2.702517	2	25	110	11.56
-2.617994	2.343981	-1.040456	91	8	108	11.70
2.617994	2.343981	-1.040456	119	4	93	11.26
-2.617994	2.247462	0.191623	96	100	114	11.80
2.617994	2.247462	0.191623	5	107	24	11.64
-2.617994	2.174483	2.653697	14	9	28	11.00
-2.617994	2.153910	-1.714959	110	7	96	11.84
-2.617994	2.138223	1.678323	111	21	118	11.96
2.617994	2.108018	1.311430	12	6	35	11.08
-2.617994	2.108018	1.311430	117	96	109	11.84
2.617994	2.104282	-0.813972	2	27	11	11.82
2.617994	2.089241	-0.114193	3	104	21	11.44
2.617994	1.977582	0.969896	101	19	110	11.36
2.617994	1.948085	-2.363031	22	100	116	11.62
2.617994	1.909857	-0.381669	116	23	111	11.40
2.617994	1.872854	1.543456	24	101	11	11.52
-2.617994	1.869911	2.701025	116	8	89	11.40
2.617994	1.846342	-1.796954	95	18	111	11.42
2.617994	1.836682	-0.676006	117	16	100	11.04
2.617994	1.824694	1.850876	26	4	102	11.46
2.617994	1.812176	0.656819	89	8	1	11.28
2.617994	1.809167	1.213774	7	103	100	11.48
-2.617994	1.766067	2.153843	0	100	106	11.08
2.617994	1.756530	-2.105156	0	93	109	11.28
-2.617994	1.741644	-2.695914	109	102	17	11.62
2.617994	1.721184	-0.153948	3	100	16	11.48
2.617994	1.696674	-1.253233	112	24	15	11.12
2.617994	1.683268	0.374177	87	118	5	11.94
2.617994	1.662363	0.915448	31	7	7	11.34
2.617994	1.599406	1.426070	6	95	0	11.82
2.617994	1.574060	2.783565	14	106	26	11.54
-2.617994	1.554776	0.100351	19	104	9	11.58
2.617994	1.504028	0.636812	107	15	97	11.52
-2.617994	1.488617	1.159546	9	26	7	11.74
2.617994	1.450119	-2.739050	94	111	114	11.08
-2.617994	1.450119	-2.739050	14	21	2	11.60
2.617994	1.440580	2.260026	16	18	15	11.08
-2.617994	1.433411	-1.035986	6	98	13	11.40
-2.617994	1.374601	-2.456031	14	22	0	11.86
2.617994	1.335669	0.897240	90	111	10	11.66
2.617994	1.325504	-1.671296	115	111	90	11.46
2.617994	1.310100	1.488307	101	2	23	11.64
-2.617994	1.256302	0.062705	112	11	24	11.02
2.617994	1.256302	0.062705	107	98	0	11.08
-2.617994	1.247695	1.809890	13	26	113	11.96
2.617994	1.218453	2.777284	14	96	107	11.64
-2.617994	1.195355	1.200319	9	28	113	11.24
-2.617994	1.184361	0.625864	18	98	117	11.72
-2.617994	1.135834	-1.431087	118	115	86	11.42
2.617994	1.134796	2.434290	20	95	119	11.00
-2.617994	1.134796	2.434290	113	107	99	11.82
-2.617994	1.134497	-1.109631	101	1	24	11.16
2.617994	1.128190	-2.288622	97	110	106	11.94
2.617994	1.113094	-0.272241	4	97	2	11.34
-2.617994	1.050534	3.042579	100	16	101	11.18
-2.617994	1.025536	1.576859	88	113	115	11.52
2.617994	1.014500	0.906702	117	12	22	11.68
2.617994	0.992645	-1.723759	93	112	104	11.26
-2.617994	0.992645	-1.723759	23	8	24	11.68
-2.617994	0.929350	-2.910676	111	104	102	11.58
2.617994	0.914445	2.687814	17	3	22	11.42
-2.617994	0.910508	1.903534	1	28	0	11.14
2.617994	0.910508	1.903534	112	8	92	11.62
2.617994	0.906588	1.252948	33	2	6	11.88
-2.617994	0.866955	-0.931351	103	13	97	11.04
2.617994	0.866395	-2.492918	30	109	112	11.18
2.617994	0.864993	2.278281	15	1	23	11.18
2.617994	0.850607	-1.335383	5	6	88	11.72
2.617994	0.831641	0.616218	110	96	113	11.62
2.617994	0.762244	-0.273349	105	18	100	11.52
-2.617994	0.733948	3.021411	17	24	113	11.24
-2.617994	0.700570	1.559208	117	98	20	11.38
2.617994	0.685216	-1.712745	30	0	108	11.54
2.617994	0.640596	-2.797608	22	101	9	11.50
-2.617994	0.619654	-2.216909	3	21	11	11.90
2.617994	0.618092	2.539118	13	0	24	11.86
-2.617994	0.618092	2.539118	119	7	91	11.64
-2.617994	0.615174	-0.666022	96	118	93	11.40
2.617994	0.615174	-0.666022	112	22	9	11.84
2.617994	0.571433	-1.188419	18	16	102	11.68
-2.617994	0.458961	-0.107937	96	16	111	11.40
-2.617994	0.419640	2.974122	33	118	118	11.90
2.617994	0.419640	2.974122	2	29	2	11.56
-2.617994	0.418037	1.360082	114	97	16	11.72
-2.617994	0.370812	-2.547742	29	13	1	11.06
2.617994	0.297065	2.160177	26	13	14	11.28
-2.617994	0.297065	2.160177	119	29	5	11.44
-2.617994	0.203748	0.590255	27	6	19	11.88
2.356194	2.984978	1.954446	116	103	96	11.48
2.356194	2.979456	-1.009304	93	104	114	11.38
-2.356194	2.979456	-1.009304	115	119	28	11.30
2.356194	2.881233	-2.582574	107	21	13	11.60
2.356194	2.760637	2.781135	95	5	10	11.04
-2.356194	2.760637	2.781135	0	24	17	11.76
2.356194	2.724429	-0.348782	118	27	13	11.12
-2.356194	2.724429	-0.348782	102	113	99	11.52
2.356194	2.664082	-1.071402	12	93	116	11.14
-2.356194	2.588535	-2.976617	98	1	19	11.02
-2.356194	2.587733	0.232235	3	111	92	11.46
2.356194	2.587733	0.232235	109	17	103	11.86
-2.356194	2.579248	-2.364801	116	11	27	11.56
-2.356194	2.455966	-0.641220	114	93	110	11.12
-2.356194	2.407836	1.410646	7	21	100	11.78
2.356194	2.404280	-0.174044	87	2	0	11.76
2.356194	2.299159	2.264663	105	97	1	11.46
-2.356194	2.295480	1.008277	15	101	106	11.80
2.356194	2.187132	-0.479875	98	111	18	11.14
2.356194	2.153910	-1.714959	3	100	101	11.78
-2.356194	2.115563	0.685730	19	107	102	11.34
2.356194	2.115563	0.685730	115	103	19	11.62
-2.356194	2.108018	1.311430	94	7	1	11.54
-2.356194	2.073035	2.027405	27	112	0	11.72
-2.356194	2.063651	-2.044600	119	11	97	11.48
2.356194	2.041297	-2.664597	27	1	17	11.90
-2.356194	2.033014	2.977192	114	23	116	11.92
2.356194	1.998705	2.370472	113	22	18	11.00
2.356194	1.982574	-1.115518	103	17	100	11.26
-2.356194	1.977582	0.969896	97	104	14	11.82
2.356194	1.948085	-2.363031	28	117	15	11.48
2.356194	1.904882	-1.478089	116	104	95	11.64
2.356194	1.875281	0.107086	112	24	14	11.30
-2.356194	1.872854	1.543456	6	22	101	11.78
2.356194	1.872854	1.543456	105	12	24	11.20
-2.356194	1.846342	-1.796954	21	13	102	11.50
-2.356194	1.812176	0.656819	97	99	117	11.10
2.356194	1.812176	0.656819	115	97	9	11.64
-2.356194	1.736875	3.023612	96	1	95	11.04
-2.356194	1.732874	-0.951685	8	109	92	11.36
2.356194	1.699788	2.452890	18	97	110	11.06
2.356194	1.696674	-1.253233	96	116	14	11.78
2.356194	1.683268	0.374177	117	24	0	11.32
2.356194	1.662363	0.915448	13	10	26	11.02
2.356194	1.617114	-1.572037	95	115	9	11.78
-2.356194	1.617114	-1.572037	119	23	105	11.00
-2.356194	1.599406	1.426070	15	26	114	11.20
2.356194	1.599406	1.426070	113	6	88	11.00
2.356194	1.574060	2.783565	17	10	96	11.10
2.356194	1.569311	-3.003978	10	29	1	11.22
-2.356194	1.545873	-1.877082	116	99	99	11.62
2.356194	1.545873	-1.877082	106	8	91	11.44
2.356194	1.506530	1.988858	21	5	17	11.82
2.356194	1.504028	0.636812	95	16	4	11.90
2.356194	1.488617	1.159546	112	15	93	11.60
-2.356194	1.450119	-2.739050	12	23	3	11.86
2.356194	1.440580	2.260026	22	5	17	11.74
-2.356194	1.417623	-0.202254	111	8	91	11.40
2.356194	1.391910	3.030322	22	12	19	11.36
-2.356194	1.374601	-2.456031	0	24	11	11.46
-2.356194	1.367556	0.358405	12	28	0	11.78
2.356194	1.367556	0.358405	116	23	4	11.94
2.356194	1.325504	-1.671296	94	113	5	11.38
-2.356194	1.325504	-1.671296	6	96	6	11.50
2.356194	1.301460	-0.509251	9	13	26	11.18
-2.356194	1.301460	-0.509251	114	17	96	11.38
2.356194	1.242974	-2.977882	8	24	105	11.84
-2.356194	1.194549	-0.801900	19	104	7	11.66
2.356194	1.168678	2.108595	14	0	24	11.74
-2.356194	1.168678	2.108595	108	108	98	11.14
2.356194	1.128190	-2.288622	91	119	0	11.44
-2.356194	1.113094	-0.272241	16	18	103	11.44
-2.356194	1.050534	3.042579	9	103	106	11.66
-2.356194	1.025536	1.576859	29	105	7	11.10
-2.356194	0.992645	-1.723759	13	100	0	11.20
2.356194	0.960688	-0.577532	28	7	107	11.20
2.356194	0.914445	2.687814	110	92	118	11.46
-2.356194	0.899350	-2.069907	10	99	117	11.72
2.356194	0.866395	-2.492918	90	0	115	11.72
2.356194	0.864993	2.278281	103	6	23	11.50
-2.356194	0.762244	-0.273349	96	1	9	11.94
2.356194	0.762244	-0.273349	113	19	97	11.70
2.356194	0.709924	0.218797	0	103	104	11.80
2.356194	0.700570	1.559208	18	118	25	11.54
-2.356194	0.700570	1.559208	110	10	93	11.42
2.356194	0.619654	-2.216909	113	27	8	11.68
2.356194	0.618092	2.539118	109	94	9	11.90
-2.356194	0.618092	2.539118	107	1	92	11.64
2.356194	0.615174	-0.666022	12	23	110	11.66
-2.356194	0.615174	-0.666022	117	113	30	11.12
-2.356194	0.591903	2.010408	116	24	11	11.28
2.356194	0.571433	-1.188419	117	10	29	11.64
2.356194	0.496451	0.593859	108	105	100	11.44
-2.356194	0.458961	-0.107937	94	13	2	11.30
2.356194	0.458961	-0.107937	3	13	22	11.58
-2.356194	0.419640	2.974122	3	27	106	11.98
-2.356194	0.370812	-2.547742	4	18	16	11.76
2.356194	0.370812	-2.547742	114	27	9	11.72
2.356194	0.297065	2.160177	98	1	20	11.00
-2.356194	0.290380	-0.796960	113	100	103	11.58
-2.356194	0.203748	0.590255	95	102	118	11.70
-2.356194	0.080730	-2.622036	98	17	103	11.10
-2.094395	2.881233	-2.582574	14	24	115	11.94
-2.094395	2.863997	0.549740	115	23	102	11.08
2.094395	2.724429	-0.348782	33	4	115	11.84
-2.094395	2.719179	-1.780644	5	21	100	11.28
2.094395	2.719179	-1.780644	119	5	26	11.18
-2.094395	2.704512	1.488683	24	105	1	11.50
2.094395	2.664082	-1.071402	18	20	109	11.84
-2.094395	2.592629	0.909713	119	100	102	11.66
2.094395	2.588535	-2.976617	21	101	13	11.62
-2.094395	2.588535	-2.976617	117	109	92	11.56
-2.094395	2.587733	0.232235	101	20	112	11.26
2.094395	2.456751	-1.503343	28	107	9	11.28
-2.094395	2.455966	-0.641220	90	4	108	11.58
2.094395	2.407836	1.410646	109	100	11	11.18
-2.094395	2.407836	1.410646	108	113	28	11.24
-2.094395	2.396274	-1.959260	2	13	26	11.44
2.094395	2.396274	-1.959260	105	3	20	11.84
2.094395	2.379497	0.561089	18	11	26	11.20
-2.094395	2.356369	3.005869	27	107	119	11.76
-2.094395	2.299159	2.264663	0	13	92	11.78
-2.094395	2.295480	1.008277	118	96	106	11.52
2.094395	2.251330	-2.330739	94	108	10	11.50
-2.094395	2.247462	0.191623	98	19	117	11.14
2.094395	2.174483	2.653697	113	95	15	11.12
-2.094395	2.153910	-1.714959	116	4	94	11.04
2.094395	2.153910	-1.714959	114	100	99	11.86
-2.094395	2.138223	1.678323	20	15	22	11.10
2.094395	2.138223	1.678323	17	99	20	11.32
2.094395	2.115563	0.685730	107	0	29	11.42
2.094395	2.108018	1.311430	5	25	118	11.04
2.094395	2.089241	-0.114193	115	28	10	11.66
2.094395	2.041297	-2.664597	94	105	6	11.76
2.094395	1.998705	2.370472	96	106	104	11.56
2.094395	1.982574	-1.115518	107	119	24	11.72
2.094395	1.904882	-1.478089	97	0	14	11.18
-2.094395	1.904882	-1.478089	96	13	17	11.04
2.094395	1.875281	0.107086	102	104	10	11.96
-2.094395	1.872854	1.543456	117	25	104	11.94
2.094395	1.870545	-2.976234	21	101	10	11.66
2.094395	1.869911	2.701025	8	14	27	11.66
-2.094395	1.836682	-0.676006	18	113	20	11.72
2.094395	1.836682	-0.676006	108	109	21	11.14
-2.094395	1.824694	1.850876	116	22	101	11.86
2.094395	1.812176	0.656819	10	22	106	11.48
-2.094395	1.809167	1.213774	113	101	23	11.92
-2.094395	1.736875	3.023612	97	3	96	11.70
2.094395	1.736875	3.023612	0	94	106	11.22
-2.094395	1.721184	-0.153948	5	97	103	11.28
-2.094395	1.699788	2.452890	96	116	19	11.06
-2.094395	1.696674	-1.253233	18	113	21	11.12
2.094395	1.683268	0.374177	114	116	89	11.74
-2.094395	1.662363	0.915448	113	115	32	11.52
-2.094395	1.606104	-0.451151	20	111	19	11.66
2.094395	1.599406	1.426070	32	116	117	11.30
2.094395	1.574060	2.783565	26	117	5	11.24
-2.094395	1.574060	2.783565	19	106	110	11.26
-2.094395	1.545873	-1.877082	107	22	113	11.24
-2.094395	1.506530	1.988858	97	105	13	11.40
2.094395	1.506530	1.988858	100	101	14	11.54
2.094395	1.504028	0.636812	90	111	6	11.70
-2.094395	1.504028	0.636812	19	99	15	11.46
-2.094395	1.450119	-2.739050	29	5	104	11.30
2.094395	1.450119	-2.739050	116	113	88	11.44
2.094395	1.440580	2.260026	22	15	16	11.30
-2.094395	1.433411	-1.035986	20	108	16	11.80
-2.094395	1.413430	2.550734	2	97	111	11.06
2.094395	1.413430	2.550734	23	13	17	11.40
2.094395	1.391910	3.030322	26	114	7	11.60
2.094395	1.335669	0.897240	87	112	115	11.16
-2.094395	1.335669	0.897240	19	100	16	11.70
-2.094395	1.325504	-1.671296	16	112	25	11.28
2.094395	1.310100	1.488307	32	118	2	11.20
2.094395	1.256302	0.062705	100	103	8	11.20
-2.094395	1.242974	-2.977882	13	108	100	11.60
-2.094395	1.214854	-1.966664	108	20	113	11.22
-2.094395	1.195355	1.200319	101	117	18	11.30
-2.094395	1.184361	0.625864	98	99	119	11.38
2.094395	1.168678	2.108595	19	116	20	11.88
-2.094395	1.135834	-1.431087	17	100	119	11.92
2.094395	1.135834	-1.431087	112	95	6	11.06
-2.094395	1.135813	-2.658866	11	106	102	11.96
2.094395	1.134796	2.434290	19	118	20	11.98
-2.094395	1.050534	3.042579	1	118	90	11.80
-2.094395	1.045978	0.343692	95	103	115	11.10
-2.094395	0.992645	-1.723759	14	102	110	11.28
2.094395	0.992645	-1.723759	119	29	4	11.64
2.094395	0.961715	0.014085	105	24	8	11.76
2.094395	0.929350	-2.910676	15	100	17	11.04
-2.094395	0.914445	2.687814	116	104	100	11.80
-2.094395	0.910508	1.903534	101	103	100	11.02
-2.094395	0.906588	1.252948	21	98	6	11.94
2.094395	0.866955	-0.931351	27	103	9	11.10
-2.094395	0.866955	-0.931351	118	110	89	11.72
-2.094395	0.866395	-2.492918	1	20	16	11.26
2.094395	0.850607	-1.335383	114	1	87	11.70
2.094395	0.762244	-0.273349	116	19	96	11.48
2.094395	0.733948	3.021411	100	118	99	11.02
-2.094395	0.709924	0.218797	93	105	116	11.78
-2.094395	0.685216	-1.712745	13	103	106	11.54
2.094395	0.674054	1.013609	25	106	15	11.70
2.094395	0.619654	-2.216909	27	0	8	11.70
-2.094395	0.619654	-2.216909	109	107	96	11.68
2.094395	0.615174	-0.666022	19	16	103	11.26
2.094395	0.591903	2.010408	104	22	111	11.50
-2.094395	0.571433	-1.188419	106	19	101	11.56
-2.094395	0.496451	0.593859	105	10	97	11.06
2.094395	0.458961	-0.107937	2	109	99	11.20
-2.094395	0.458961	-0.107937	106	94	8	11.30
-2.094395	0.419640	2.974122	119	28	106	11.46
2.094395	0.379747	-1.713059	22	8	13	11.80
2.094395	0.370812	-2.547742	101	0	98	11.52
2.094395	0.297065	2.160177	2	112	25	11.64
2.094395	0.203748	0.590255	116	113	94	11.36
1.832596	2.984978	1.954446	3	27	114	11.52
-1.832596	2.984978	1.954446	26	111	12	11.70
1.832596	2.881233	-2.582574	115	3	26	11.76
1.832596	2.863997	0.549740	118	107	22	11.02
-1.832596	2.760637	2.781135	112	18	103	11.20
1.832596	2.724429	-0.348782	33	0	115	11.80
1.832596	2.719179	-1.780644	1	5	26	11.24
1.832596	2.704512	1.488683	16	14	102	11.72
1.832596	2.664082	-1.071402	21	17	108	11.86
1.832596	2.637879	2.121598	94	5	7	11.28
-1.832596	2.637879	2.121598	22	101	0	11.58
1.832596	2.592629	0.909713	116	20	99	11.04
-1.832596	2.588535	-2.976617	98	115	19	11.14
1.832596	2.588535	-2.976617	23	102	7	11.78
-1.832596	2.587733	0.232235	17	3	23	11.18
-1.832596	2.579248	-2.364801	3	10	96	11.58
1.832596	2.456751	-1.503343	114	13	23	11.84
-1.832596	2.455966	-0.641220	18	16	102	11.96
-1.832596	2.407836	1.410646	98	109	19	11.12
-1.832596	2.379497	0.561089	99	19	114	11.08
1.832596	2.379497	0.561089	106	13	96	11.64
1.832596	2.349581	-2.702517	15	111	102	11.28
1.832596	2.343981	-1.040456	0	110	93	11.86
1.832596	2.299159	2.264663	22	114	103	11.02
-1.832596	2.299159	2.264663	119	12	92	11.96
1.832596	2.251330	-2.330739	97	9	11	11.80
-1.832596	2.251330	-2.330739	12	25	114	11.48
-1.832596	2.247462	0.191623	21	5	17	11.88
-1.832596	2.187132	-0.479875	16	16	99	11.04
1.832596	2.187132	-0.479875	116	115	90	11.06
-1.832596	2.180315	-1.357379	2	101	95	11.40
1.832596	2.164094	-2.991358	93	0	4	11.74
1.832596	2.108018	1.311430	98	107	6	11.14
-1.832596	2.104282	-0.813972	9	14	24	11.62
-1.832596	2.001437	0.381215	21	9	18	11.02
1.832596	1.982574	-1.115518	101	3	18	11.84
1.832596	1.948085	-2.363031	13	98	111	11.12
-1.832596	1.909857	-0.381669	112	23	18	11.60
1.832596	1.909857	-0.381669	107	96	116	11.90
1.832596	1.875281	0.107086	19	17	117	11.28
1.832596	1.872854	1.543456	12	15	23	11.58
-1.832596	1.872854	1.543456	118	18	26	11.34
1.832596	1.870545	-2.976234	109	11	22	11.94
-1.832596	1.824694	1.850876	111	22	102	11.92
1.832596	1.809167	1.213774	8	26	119	11.10
-1.832596	1.809167	1.213774	11	107	31	11.92
1.832596	1.736875	3.023612	105	95	9	11.36
-1.832596	1.721184	-0.153948	115	98	102	11.72
-1.832596	1.696674	-1.253233	114	23	103	11.90
1.832596	1.662363	0.915448	9	25	115	11.82
1.832596	1.658653	-2.409879	115	93	115	11.48
1.832596	1.617114	-1.572037	114	21	97	11.68
-1.832596	1.606104	-0.451151	21	113	20	11.28
-1.832596	1.599406	1.426070	22	112	24	11.74
-1.832596	1.555207	1.708892	115	97	107	11.96
-1.832596	1.554776	0.100351	94	111	112	11.32
-1.832596	1.506530	1.988858	98	11	97	11.24
1.832596	1.506530	1.988858	30	116	117	11.40
-1.832596	1.488617	1.159546	119	118	33	11.16
1.832596	1.448123	-2.163292	25	106	10	11.28
1.832596	1.440580	2.260026	14	96	15	11.28
1.832596	1.433411	-1.035986	96	118	11	11.78
1.832596	1.417623	-0.202254	23	7	20	11.48
-1.832596	1.413430	2.550734	20	119	100	11.92
-1.832596	1.413347	-1.339188	105	4	28	11.30
1.832596	1.413347	-1.339188	0	95	13	11.14
-1.832596	1.367556	0.358405	12	15	99	11.74
1.832596	1.335669	0.897240	87	117	114	11.60
-1.832596	1.325504	-1.671296	22	13	16	11.80
1.832596	1.325504	-1.671296	118	21	96	11.96
-1.832596	1.310100	1.488307	28	112	17	11.74
-1.832596	1.301460	-0.509251	95	114	109	11.20
1.832596	1.301460	-0.509251	4	97	107	11.88
-1.832596	1.256302	0.062705	13	17	102	11.18
-1.832596	1.247695	1.809890	5	101	103	11.64
1.832596	1.242974	-2.977882	25	112	4	11.76
-1.832596	1.218453	2.777284	21	7	24	11.44
1.832596	1.218453	2.777284	103	97	12	11.38
-1.832596	1.214854	-1.966664	95	101	118	11.00
1.832596	1.214854	-1.966664	26	117	113	11.76
-1.832596	1.195355	1.200319	23	9	107	11.72
1.832596	1.194549	-0.801900	107	6	90	11.00
1.832596	1.184361	0.625864	17	98	16	11.02
1.832596	1.135813	-2.658866	26	112	3	11.20
1.832596	1.134796	2.434290	96	99	5	11.98
-1.832596	1.050534	3.042579	21	12	99	11.40
1.832596	1.050534	3.042579	105	94	5	11.72
1.832596	1.025536	1.576859	11	27	110	11.22
1.832596	1.014500	0.906702	112	22	14	11.10
1.832596	0.961715	0.014085	4	96	112	11.50
1.832596	0.960688	-0.577532	99	104	108	11.70
-1.832596	0.929350	-2.910676	90	106	118	11.00
-1.832596	0.866955	-0.931351	2	111	90	11.92
-1.832596	0.866395	-2.492918	16	25	113	11.98
1.832596	0.864993	2.278281	100	109	20	11.50
1.832596	0.831641	0.616218	25	102	9	11.98
-1.832596	0.762244	-0.273349	27	117	113	11.92
1.832596	0.762244	-0.273349	103	14	97	11.18
1.832596	0.709924	0.218797	100	17	101	11.56
-1.832596	0.685216	-1.712745	109	21	102	11.22
1.832596	0.685216	-1.712745	106	21	102	11.40
-1.832596	0.619654	-2.216909	97	103	11	11.60
1.832596	0.618092	2.539118	115	93	107	11.14
-1.832596	0.571433	-1.188419	107	111	89	11.86
-1.832596	0.458961	-0.107937	108	17	99	11.70
1.832596	0.419640	2.974122	119	3	93	11.62
-1.832596	0.418037	1.360082	118	28	9	11.82
-1.832596	0.370812	-2.547742	13	26	116	11.72
1.832596	0.290380	-0.796960	11	14	21	11.08
1.570796	2.984978	1.954446	22	116	26	11.92
-1.570796	2.979456	-1.009304	28	114	17	11.20
-1.570796	2.863997	0.549740	118	14	24	11.92
1.570796	2.863997	0.549740	0	101	97	11.30
1.570796	2.719179	-1.780644	28	106	8	11.14
1.570796	2.704512	1.488683	14	98	20	11.14
-1.570796	2.664082	-1.071402	110	113	95	11.84
-1.570796	2.637879	2.121598	22	3	18	11.54
1.570796	2.478122	2.609777	106	114	91	11.58
1.570796	2.456751	-1.503343	21	18	109	11.40
-1.570796	2.456751	-1.503343	118	4	94	11.82
-1.570796	2.455966	-0.641220	24	103	15	11.14
-1.570796	2.407836	1.410646	22	14	12	11.18
-1.570796	2.404280	-0.174044	12	3	25	11.62
-1.570796	2.393226	1.857173	9	13	28	11.20
-1.570796	2.379497	0.561089	14	14	19	11.42
1.570796	2.343981	-1.040456	4	110	92	11.50
1.570796	2.299159	2.264663	92	115	1	11.26
1.570796	2.251330	-2.330739	100	13	11	11.64
-1.570796	2.247462	0.191623	88	3	116	11.20
-1.570796	2.187132	-0.479875	15	0	24	11.60
1.570796	2.187132	-0.479875	116	118	28	11.44
1.570796	2.180315	-1.357379	93	14	3	11.52
-1.570796	2.180315	-1.357379	2	105	94	11.80
-1.570796	2.174483	2.653697	116	8	90	11.54
-1.570796	2.108018	1.311430	6	108	32	11.12
1.570796	2.108018	1.311430	116	16	93	11.48
-1.570796	2.104282	-0.813972	5	14	24	11.46
1.570796	2.104282	-0.813972	114	2	27	11.90
-1.570796	2.073035	2.027405	2	28	10	11.18
-1.570796	1.998705	2.370472	97	107	15	11.88
1.570796	1.982574	-1.115518	3	94	113	11.06
1.570796	1.977582	0.969896	98	100	114	11.18
1.570796	1.909857	-0.381669	27	116	19	11.68
-1.570796	1.904882	-1.478089	119	27	6	11.50
1.570796	1.904882	-1.478089	100	7	14	11.48
1.570796	1.875281	0.107086	21	15	117	11.30
-1.570796	1.870545	-2.976234	26	113	4	11.38
1.570796	1.836682	-0.676006	107	95	116	11.30
-1.570796	1.812176	0.656819	20	101	19	11.36
-1.570796	1.809167	1.213774	97	112	10	11.00
-1.570796	1.766067	2.153843	8	29	2	11.14
-1.570796	1.736875	3.023612	10	99	17	11.50
1.570796	1.732874	-0.951685	108	94	119	11.36
1.570796	1.721184	-0.153948	97	116	14	11.02
1.570796	1.699788	2.452890	6	29	3	11.38
-1.570796	1.699788	2.452890	4	8	32	11.22
-1.570796	1.662363	0.915448	93	11	102	11.58
1.570796	1.658653	-2.409879	26	107	9	11.30
1.570796	1.617114	-1.572037	119	22	98	11.54
1.570796	1.569311	-3.003978	24	109	117	11.34
-1.570796	1.569311	-3.003978	109	21	101	11.52
-1.570796	1.555207	1.708892	23	118	24	11.64
1.570796	1.555207	1.708892	22	103	108	11.54
1.570796	1.510910	-0.740472	111	10	91	11.80
1.570796	1.506530	1.988858	5	99	25	11.22
-1.570796	1.506530	1.988858	119	26	16	11.80
1.570796	1.504028	0.636812	95	109	117	11.34
-1.570796	1.504028	0.636812	94	106	112	11.52
1.570796	1.488617	1.159546	111	19	22	11.56
-1.570796	1.450119	-2.739050	104	20	1	11.82
-1.570796	1.448123	-2.163292	6	24	102	11.02
1.570796	1.440580	2.260026	94	102	8	11.70
1.570796	1.374601	-2.456031	23	107	12	11.54
1.570796	1.335669	0.897240	21	101	11	11.52
-1.570796	1.335669	0.897240	101	110	14	11.56
-1.570796	1.325504	-1.671296	116	18	96	11.78
-1.570796	1.310100	1.488307	8	103	99	11.64
1.570796	1.301460	-0.509251	119	99	102	11.36
-1.570796	1.301460	-0.509251	112	104	94	11.52
-1.570796	1.256302	0.062705	100	105	7	11.36
-1.570796	1.247695	1.809890	27	0	20	11.34
1.570796	1.247695	1.809890	112	24	106	11.26
-1.570796	1.242974	-2.977882	25	13	106	11.18
-1.570796	1.218453	2.777284	20	18	17	11.84
1.570796	1.218453	2.777284	10	93	114	11.64
-1.570796	1.214854	-1.966664	93	105	3	11.50
-1.570796	1.195355	1.200319	8	6	95	11.20
-1.570796	1.194549	-0.801900	6	25	107	11.34
-1.570796	1.168678	2.108595	92	9	117	11.86
-1.570796	1.135834	-1.431087	21	18	11	11.02
1.570796	1.135813	-2.658866	101	99	103	11.44
1.570796	1.134796	2.434290	100	109	21	11.06
-1.570796	1.134497	-1.109631	5	27	117	11.90
1.570796	1.128190	-2.288622	108	96	105	11.96
-1.570796	1.113094	-0.272241	98	107	3	11.98
1.570796	1.113094	-0.272241	22	14	5	11.86
1.570796	1.050534	3.042579	97	98	113	11.02
-1.570796	1.045978	0.343692	109	5	91	11.38
1.570796	1.014500	0.906702	94	18	5	11.82
-1.570796	0.961715	0.014085	8	98	101	11.12
1.570796	0.961715	0.014085	5	23	102	11.62
1.570796	0.960688	-0.577532	24	14	3	11.46
-1.570796	0.929350	-2.910676	93	103	119	11.86
1.570796	0.929350	-2.910676	104	4	95	11.88
1.570796	0.910508	1.903534	117	25	108	11.66
1.570796	0.899350	-2.069907	6	97	104	11.56
-1.570796	0.899350	-2.069907	19	106	106	11.80
1.570796	0.864993	2.278281	7	113	26	11.64
-1.570796	0.733948	3.021411	18	16	100	11.50
-1.570796	0.700570	1.559208	26	105	10	11.48
-1.570796	0.615174	-0.666022	96	111	7	11.20
-1.570796	0.496451	0.593859	2	15	25	11.84
1.570796	0.458961	-0.107937	111	24	14	11.06
1.570796	0.419640	2.974122	21	100	109	11.42
-1.570796	0.379747	-1.713059	19	114	102	11.12
-1.570796	0.370812	-2.547742	16	95	4	11.32
-1.570796	0.290380	-0.796960	112	91	1	11.70
-1.570796	0.203748	0.590255	11	95	112	11.62
1.570796	0.203748	0.590255	0	8	25	11.90
-1.308997	2.984978	1.954446	90	110	119	11.40
1.308997	2.984978	1.954446	106	110	22	11.50
-1.308997	2.979456	-1.009304	5	27	111	11.10
-1.308997	2.863997	0.549740	8	14	20	11.80
1.308997	2.863997	0.549740	6	107	27	11.28
-1.308997	2.719179	-1.780644	14	118	28	11.36
-1.308997	2.704512	1.488683	22	10	14	11.66
1.308997	2.704512	1.488683	113	104	97	11.96
-1.308997	2.664082	-1.071402	2	2	93	11.76
-1.308997	2.637879	2.121598	114	9	92	11.82
