Log file opened on Fri Dec  1 10:57:58 2017
Host: lk-521a-wle.ens.sdv.univ-paris-diderot.fr  pid: 6206  rank ID: 0  number of ranks:  1
                   :-) GROMACS - gmx mdrun, VERSION 5.1.4 (-:

                            GROMACS is written by:
     Emile Apol      Rossen Apostolov  Herman J.C. Berendsen    Par Bjelkmar   
 Aldert van Buuren   Rudi van Drunen     Anton Feenstra   Sebastian Fritsch 
  Gerrit Groenhof   Christoph Junghans   Anca Hamuraru    Vincent Hindriksen
 Dimitrios Karkoulis    Peter Kasson        Jiri Kraus      Carsten Kutzner  
    Per Larsson      Justin A. Lemkul   Magnus Lundborg   Pieter Meulenhoff 
   Erik Marklund      Teemu Murtola       Szilard Pall       Sander Pronk   
   Roland Schulz     Alexey Shvetsov     Michael Shirts     Alfons Sijbers  
   Peter Tieleman    Teemu Virolainen  Christian Wennberg    Maarten Wolf   
                           and the project leaders:
        Mark Abraham, Berk Hess, Erik Lindahl, and David van der Spoel

Copyright (c) 1991-2000, University of Groningen, The Netherlands.
Copyright (c) 2001-2015, The GROMACS development team at
Uppsala University, Stockholm University and
the Royal Institute of Technology, Sweden.
check out http://www.gromacs.org for more information.

GROMACS is free software; you can redistribute it and/or modify it
under the terms of the GNU Lesser General Public License
as published by the Free Software Foundation; either version 2.1
of the License, or (at your option) any later version.

GROMACS:      gmx mdrun, VERSION 5.1.4
Executable:   /opt/sdv/gromacs-5.1.4/bin/gmx
Data prefix:  /opt/sdv/gromacs-5.1.4
Command line:
  gmx mdrun -v -deffnm md

GROMACS version:    VERSION 5.1.4
Precision:          single
Memory model:       64 bit
MPI library:        none
OpenMP support:     enabled (GMX_OPENMP_MAX_THREADS = 32)
GPU support:        disabled
OpenCL support:     disabled
invsqrt routine:    gmx_software_invsqrt(x)
SIMD instructions:  SSE4.1
FFT library:        fftw-3.3.4-sse2
RDTSCP usage:       enabled
C++11 compilation:  enabled
TNG support:        enabled
Tracing support:    disabled
Built on:           vendredi 8 septembre 2017, 19:36:31 (UTC+0200)
Built by:           root@glycine [CMAKE]
Build OS/arch:      Linux 4.4.0-93-generic x86_64
Build CPU vendor:   GenuineIntel
Build CPU brand:    Intel(R) Xeon(R) CPU           E5640  @ 2.67GHz
Build CPU family:   6   Model: 44   Stepping: 2
Build CPU features: aes apic clfsh cmov cx8 cx16 htt lahf_lm mmx msr nonstop_tsc pcid pclmuldq pdcm pdpe1gb popcnt pse rdtscp sse2 sse3 sse4.1 sse4.2 ssse3
C compiler:         /usr/bin/cc GNU 5.4.0
C compiler flags:    -msse4.1    -Wundef -Wextra -Wno-missing-field-initializers -Wno-sign-compare -Wpointer-arith -Wall -Wno-unused -Wunused-value -Wunused-parameter  -O3 -DNDEBUG -funroll-all-loops -fexcess-precision=fast  -Wno-array-bounds 
C++ compiler:       /usr/bin/c++ GNU 5.4.0
C++ compiler flags:  -msse4.1   -std=c++0x  -Wundef -Wextra -Wno-missing-field-initializers -Wpointer-arith -Wall -Wno-unused-function   -funroll-all-loops -fexcess-precision=fast  -Wno-array-bounds 
Boost version:      1.55.0 (internal)


Running on 1 node with total 4 cores, 4 logical cores
Hardware detected:
  CPU info:
    Vendor: GenuineIntel
    Brand:  Intel(R) Core(TM) i5-6600 CPU @ 3.30GHz
    Family:  6  model: 94  stepping:  3
    CPU features: aes apic avx avx2 clfsh cmov cx8 cx16 f16c fma htt lahf_lm mmx msr nonstop_tsc pcid pclmuldq pdcm pdpe1gb popcnt pse rdrnd rdtscp sse2 sse3 sse4.1 sse4.2 ssse3 tdt x2apic
    SIMD instructions most likely to fit this hardware: AVX2_256
    SIMD instructions selected at GROMACS compile time: SSE4.1


Binary not matching hardware - you might be losing performance.
SIMD instructions most likely to fit this hardware: AVX2_256
SIMD instructions selected at GROMACS compile time: SSE4.1


++++ PLEASE READ AND CITE THE FOLLOWING REFERENCE ++++
M. J. Abraham, T. Murtola, R. Schulz, S. Páll, J. C. Smith, B. Hess, E.
Lindahl
GROMACS: High performance molecular simulations through multi-level
parallelism from laptops to supercomputers
SoftwareX 1 (2015) pp. 19-25
-------- -------- --- Thank You --- -------- --------


++++ PLEASE READ AND CITE THE FOLLOWING REFERENCE ++++
S. Páll, M. J. Abraham, C. Kutzner, B. Hess, E. Lindahl
Tackling Exascale Software Challenges in Molecular Dynamics Simulations with
GROMACS
In S. Markidis & E. Laure (Eds.), Solving Software Challenges for Exascale 8759 (2015) pp. 3-27
-------- -------- --- Thank You --- -------- --------


++++ PLEASE READ AND CITE THE FOLLOWING REFERENCE ++++
S. Pronk, S. Páll, R. Schulz, P. Larsson, P. Bjelkmar, R. Apostolov, M. R.
Shirts, J. C. Smith, P. M. Kasson, D. van der Spoel, B. Hess, and E. Lindahl
GROMACS 4.5: a high-throughput and highly parallel open source molecular
simulation toolkit
Bioinformatics 29 (2013) pp. 845-54
-------- -------- --- Thank You --- -------- --------


++++ PLEASE READ AND CITE THE FOLLOWING REFERENCE ++++
B. Hess and C. Kutzner and D. van der Spoel and E. Lindahl
GROMACS 4: Algorithms for highly efficient, load-balanced, and scalable
molecular simulation
J. Chem. Theory Comput. 4 (2008) pp. 435-447
-------- -------- --- Thank You --- -------- --------


++++ PLEASE READ AND CITE THE FOLLOWING REFERENCE ++++
D. van der Spoel, E. Lindahl, B. Hess, G. Groenhof, A. E. Mark and H. J. C.
Berendsen
GROMACS: Fast, Flexible and Free
J. Comp. Chem. 26 (2005) pp. 1701-1719
-------- -------- --- Thank You --- -------- --------


++++ PLEASE READ AND CITE THE FOLLOWING REFERENCE ++++
E. Lindahl and B. Hess and D. van der Spoel
GROMACS 3.0: A package for molecular simulation and trajectory analysis
J. Mol. Mod. 7 (2001) pp. 306-317
-------- -------- --- Thank You --- -------- --------


++++ PLEASE READ AND CITE THE FOLLOWING REFERENCE ++++
H. J. C. Berendsen, D. van der Spoel and R. van Drunen
GROMACS: A message-passing parallel molecular dynamics implementation
Comp. Phys. Comm. 91 (1995) pp. 43-56
-------- -------- --- Thank You --- -------- --------

Changing nstlist from 10 to 20, rlist from 1 to 1.026

Input Parameters:
   integrator                     = md
   tinit                          = 0
   dt                             = 0.002
   nsteps                         = 10000000
   init-step                      = 0
   simulation-part                = 1
   comm-mode                      = Linear
   nstcomm                        = 100
   bd-fric                        = 0
   ld-seed                        = 817600717
   emtol                          = 10
   emstep                         = 0.01
   niter                          = 20
   fcstep                         = 0
   nstcgsteep                     = 1000
   nbfgscorr                      = 10
   rtpi                           = 0.05
   nstxout                        = 50000
   nstvout                        = 50000
   nstfout                        = 0
   nstlog                         = 500
   nstcalcenergy                  = 100
   nstenergy                      = 500
   nstxout-compressed             = 500
   compressed-x-precision         = 1000
   cutoff-scheme                  = Verlet
   nstlist                        = 20
   ns-type                        = Grid
   pbc                            = xyz
   periodic-molecules             = FALSE
   verlet-buffer-tolerance        = 0.005
   rlist                          = 1.026
   rlistlong                      = 1.026
   nstcalclr                      = 10
   coulombtype                    = PME
   coulomb-modifier               = Potential-shift
   rcoulomb-switch                = 0
   rcoulomb                       = 1
   epsilon-r                      = 1
   epsilon-rf                     = inf
   vdw-type                       = Cut-off
   vdw-modifier                   = Potential-shift
   rvdw-switch                    = 0
   rvdw                           = 1
   DispCorr                       = No
   table-extension                = 1
   fourierspacing                 = 0.12
   fourier-nx                     = 52
   fourier-ny                     = 52
   fourier-nz                     = 48
   pme-order                      = 4
   ewald-rtol                     = 1e-05
   ewald-rtol-lj                  = 0.001
   lj-pme-comb-rule               = Geometric
   ewald-geometry                 = 0
   epsilon-surface                = 0
   implicit-solvent               = No
   gb-algorithm                   = Still
   nstgbradii                     = 1
   rgbradii                       = 1
   gb-epsilon-solvent             = 80
   gb-saltconc                    = 0
   gb-obc-alpha                   = 1
   gb-obc-beta                    = 0.8
   gb-obc-gamma                   = 4.85
   gb-dielectric-offset           = 0.009
   sa-algorithm                   = Ace-approximation
   sa-surface-tension             = 2.05016
   tcoupl                         = Berendsen
   nsttcouple                     = 10
   nh-chain-length                = 0
   print-nose-hoover-chain-variables = FALSE
   pcoupl                         = Berendsen
   pcoupltype                     = Isotropic
   nstpcouple                     = 10
   tau-p                          = 1
   compressibility (3x3):
      compressibility[    0]={ 4.50000e-05,  0.00000e+00,  0.00000e+00}
      compressibility[    1]={ 0.00000e+00,  4.50000e-05,  0.00000e+00}
      compressibility[    2]={ 0.00000e+00,  0.00000e+00,  4.50000e-05}
   ref-p (3x3):
      ref-p[    0]={ 1.00000e+00,  0.00000e+00,  0.00000e+00}
      ref-p[    1]={ 0.00000e+00,  1.00000e+00,  0.00000e+00}
      ref-p[    2]={ 0.00000e+00,  0.00000e+00,  1.00000e+00}
   refcoord-scaling               = No
   posres-com (3):
      posres-com[0]= 0.00000e+00
      posres-com[1]= 0.00000e+00
      posres-com[2]= 0.00000e+00
   posres-comB (3):
      posres-comB[0]= 0.00000e+00
      posres-comB[1]= 0.00000e+00
      posres-comB[2]= 0.00000e+00
   QMMM                           = FALSE
   QMconstraints                  = 0
   QMMMscheme                     = 0
   MMChargeScaleFactor            = 1
qm-opts:
   ngQM                           = 0
   constraint-algorithm           = Lincs
   continuation                   = FALSE
   Shake-SOR                      = FALSE
   shake-tol                      = 0.0001
   lincs-order                    = 4
   lincs-iter                     = 1
   lincs-warnangle                = 30
   nwall                          = 0
   wall-type                      = 9-3
   wall-r-linpot                  = -1
   wall-atomtype[0]               = -1
   wall-atomtype[1]               = -1
   wall-density[0]                = 0
   wall-density[1]                = 0
   wall-ewald-zfac                = 3
   pull                           = FALSE
   rotation                       = FALSE
   interactiveMD                  = FALSE
   disre                          = No
   disre-weighting                = Conservative
   disre-mixed                    = FALSE
   dr-fc                          = 1000
   dr-tau                         = 0
   nstdisreout                    = 100
   orire-fc                       = 0
   orire-tau                      = 0
   nstorireout                    = 100
   free-energy                    = no
   cos-acceleration               = 0
   deform (3x3):
      deform[    0]={ 0.00000e+00,  0.00000e+00,  0.00000e+00}
      deform[    1]={ 0.00000e+00,  0.00000e+00,  0.00000e+00}
      deform[    2]={ 0.00000e+00,  0.00000e+00,  0.00000e+00}
   simulated-tempering            = FALSE
   E-x:
      n = 0
   E-xt:
      n = 0
   E-y:
      n = 0
   E-yt:
      n = 0
   E-z:
      n = 0
   E-zt:
      n = 0
   swapcoords                     = no
   adress                         = FALSE
   userint1                       = 0
   userint2                       = 0
   userint3                       = 0
   userint4                       = 0
   userreal1                      = 0
   userreal2                      = 0
   userreal3                      = 0
   userreal4                      = 0
grpopts:
   nrdf:     2854.77     34779.2
   ref-t:         300         300
   tau-t:         0.1         0.1
annealing:          No          No
annealing-npoints:           0           0
   acc:	           0           0           0
   nfreeze:           N           N           N
   energygrp-flags[  0]: 0 0 0
   energygrp-flags[  1]: 0 0 0
   energygrp-flags[  2]: 0 0 0

Using 4 OpenMP threads 

Will do PME sum in reciprocal space for electrostatic interactions.

++++ PLEASE READ AND CITE THE FOLLOWING REFERENCE ++++
U. Essmann, L. Perera, M. L. Berkowitz, T. Darden, H. Lee and L. G. Pedersen 
A smooth particle mesh Ewald method
J. Chem. Phys. 103 (1995) pp. 8577-8592
-------- -------- --- Thank You --- -------- --------

Will do ordinary reciprocal space Ewald sum.
Using a Gaussian width (1/beta) of 0.320163 nm for Ewald
Cut-off's:   NS: 1.026   Coulomb: 1   LJ: 1
System total charge: -0.113
Generated table with 1013 data points for Ewald.
Tabscale = 500 points/nm
Generated table with 1013 data points for LJ6.
Tabscale = 500 points/nm
Generated table with 1013 data points for LJ12.
Tabscale = 500 points/nm
Generated table with 1013 data points for 1-4 COUL.
Tabscale = 500 points/nm
Generated table with 1013 data points for 1-4 LJ6.
Tabscale = 500 points/nm
Generated table with 1013 data points for 1-4 LJ12.
Tabscale = 500 points/nm
Potential shift: LJ r^-12: -1.000e+00 r^-6: -1.000e+00, Ewald -1.000e-05
Initialized non-bonded Ewald correction tables, spacing: 9.33e-04 size: 1073


Using SSE4.1 4x4 non-bonded kernels

Using geometric Lennard-Jones combination rule

Removing pbc first time
Pinning threads with an auto-selected logical core stride of 1

Initializing LINear Constraint Solver

++++ PLEASE READ AND CITE THE FOLLOWING REFERENCE ++++
B. Hess and H. Bekker and H. J. C. Berendsen and J. G. E. M. Fraaije
LINCS: A Linear Constraint Solver for molecular simulations
J. Comp. Chem. 18 (1997) pp. 1463-1472
-------- -------- --- Thank You --- -------- --------

The number of constraints is 1447

++++ PLEASE READ AND CITE THE FOLLOWING REFERENCE ++++
S. Miyamoto and P. A. Kollman
SETTLE: An Analytical Version of the SHAKE and RATTLE Algorithms for Rigid
Water Models
J. Comp. Chem. 13 (1992) pp. 952-962
-------- -------- --- Thank You --- -------- --------

Center of mass motion removal mode is Linear
We have the following groups for center of mass motion removal:
  0:  rest

++++ PLEASE READ AND CITE THE FOLLOWING REFERENCE ++++
H. J. C. Berendsen, J. P. M. Postma, A. DiNola and J. R. Haak
Molecular dynamics with coupling to an external bath
J. Chem. Phys. 81 (1984) pp. 3684-3690
-------- -------- --- Thank You --- -------- --------

There are: 18822 Atoms

Constraining the starting coordinates (step 0)

Constraining the coordinates at t0-dt (step 0)
RMS relative constraint deviation after constraining: 6.62e-06
Initial temperature: 0.00821525 K

Started mdrun on rank 0 Fri Dec  1 10:57:58 2017
           Step           Time         Lambda
              0        0.00000        0.00000

   Energies (kJ/mol)
          Angle    Proper Dih. Ryckaert-Bell.          LJ-14     Coulomb-14
    1.12769e+03    5.91414e+01    1.71770e+03    2.02397e+03    1.03801e+04
        LJ (SR)   Coulomb (SR)   Coul. recip.      Potential    Kinetic En.
    3.41503e+04   -3.34601e+05    2.12081e+03   -2.83021e+05    1.52051e+01
   Total Energy    Temperature Pressure (bar)   Constr. rmsd
   -2.83006e+05    9.71865e-02   -5.56607e+03    2.83574e-05

           Step           Time         Lambda
            500        1.00000        0.00000

   Energies (kJ/mol)
          Angle    Proper Dih. Ryckaert-Bell.          LJ-14     Coulomb-14
    2.12509e+03    1.58548e+02    1.62406e+03    2.12082e+03    1.04841e+04
        LJ (SR)   Coulomb (SR)   Coul. recip.      Potential    Kinetic En.
    3.51218e+04   -3.04302e+05    1.88906e+03   -2.50779e+05    4.61739e+04
   Total Energy    Temperature Pressure (bar)   Constr. rmsd
   -2.04605e+05    2.95129e+02    2.64664e+02    2.26407e-05

           Step           Time         Lambda
           1000        2.00000        0.00000

   Energies (kJ/mol)
          Angle    Proper Dih. Ryckaert-Bell.          LJ-14     Coulomb-14
    2.43203e+03    1.89747e+02    1.61569e+03    2.14636e+03    1.03569e+04
        LJ (SR)   Coulomb (SR)   Coul. recip.      Potential    Kinetic En.
    3.46580e+04   -3.02820e+05    1.85154e+03   -2.49570e+05    4.70512e+04
   Total Energy    Temperature Pressure (bar)   Constr. rmsd
   -2.02518e+05    3.00737e+02    1.91375e+01    2.82122e-05

           Step           Time         Lambda
           1500        3.00000        0.00000

   Energies (kJ/mol)
          Angle    Proper Dih. Ryckaert-Bell.          LJ-14     Coulomb-14
    2.70876e+03    1.82997e+02    1.53758e+03    2.09018e+03    1.03100e+04
        LJ (SR)   Coulomb (SR)   Coul. recip.      Potential    Kinetic En.
    3.40881e+04   -3.02558e+05    1.79687e+03   -2.49844e+05    4.69604e+04
   Total Energy    Temperature Pressure (bar)   Constr. rmsd
   -2.02883e+05    3.00156e+02   -1.60244e+02    2.98175e-05

           Step           Time         Lambda
           2000        4.00000        0.00000

   Energies (kJ/mol)
          Angle    Proper Dih. Ryckaert-Bell.          LJ-14     Coulomb-14
    2.78778e+03    1.87654e+02    1.54854e+03    2.09594e+03    1.03746e+04
        LJ (SR)   Coulomb (SR)   Coul. recip.      Potential    Kinetic En.
    3.38228e+04   -3.02910e+05    1.77686e+03   -2.50316e+05    4.71090e+04
   Total Energy    Temperature Pressure (bar)   Constr. rmsd
   -2.03207e+05    3.01106e+02   -2.13256e+02    2.85337e-05

           Step           Time         Lambda
           2500        5.00000        0.00000

   Energies (kJ/mol)
          Angle    Proper Dih. Ryckaert-Bell.          LJ-14     Coulomb-14
    2.84106e+03    2.08563e+02    1.48600e+03    2.11011e+03    1.04872e+04
        LJ (SR)   Coulomb (SR)   Coul. recip.      Potential    Kinetic En.
    3.37399e+04   -3.03202e+05    1.84465e+03   -2.50485e+05    4.65671e+04
   Total Energy    Temperature Pressure (bar)   Constr. rmsd
   -2.03918e+05    2.97642e+02   -1.43661e+02    2.84185e-05

           Step           Time         Lambda
           3000        6.00000        0.00000

   Energies (kJ/mol)
          Angle    Proper Dih. Ryckaert-Bell.          LJ-14     Coulomb-14
    2.91113e+03    1.89607e+02    1.46556e+03    2.13022e+03    1.04583e+04
        LJ (SR)   Coulomb (SR)   Coul. recip.      Potential    Kinetic En.
    3.43183e+04   -3.04446e+05    1.76637e+03   -2.51207e+05    4.70822e+04
   Total Energy    Temperature Pressure (bar)   Constr. rmsd
   -2.04125e+05    3.00935e+02    1.17654e+02    2.71694e-05

           Step           Time         Lambda
           3500        7.00000        0.00000

   Energies (kJ/mol)
          Angle    Proper Dih. Ryckaert-Bell.          LJ-14     Coulomb-14
    2.79624e+03    1.86697e+02    1.40032e+03    2.19003e+03    1.05098e+04
        LJ (SR)   Coulomb (SR)   Coul. recip.      Potential    Kinetic En.
    3.36167e+04   -3.03596e+05    1.83085e+03   -2.51065e+05    4.69609e+04
   Total Energy    Temperature Pressure (bar)   Constr. rmsd
   -2.04104e+05    3.00159e+02    2.81237e+01    2.60093e-05

           Step           Time         Lambda
           4000        8.00000        0.00000

   Energies (kJ/mol)
          Angle    Proper Dih. Ryckaert-Bell.          LJ-14     Coulomb-14
    2.80656e+03    1.76262e+02    1.41017e+03    2.13904e+03    1.04752e+04
        LJ (SR)   Coulomb (SR)   Coul. recip.      Potential    Kinetic En.
    3.31664e+04   -3.02568e+05    1.75903e+03   -2.50635e+05    4.65931e+04
   Total Energy    Temperature Pressure (bar)   Constr. rmsd
   -2.04042e+05    2.97809e+02   -1.89607e+02    2.91797e-05



Received the INT signal, stopping at the next NS step

           Step           Time         Lambda
           4180        8.36000        0.00000

Writing checkpoint, step 4180 at Fri Dec  1 10:58:45 2017


   Energies (kJ/mol)
          Angle    Proper Dih. Ryckaert-Bell.          LJ-14     Coulomb-14
    2.79297e+03    1.50721e+02    1.41368e+03    2.13626e+03    1.04955e+04
        LJ (SR)   Coulomb (SR)   Coul. recip.      Potential    Kinetic En.
    3.28166e+04   -3.02590e+05    1.73636e+03   -2.51048e+05    4.70157e+04
   Total Energy    Temperature Pressure (bar)   Constr. rmsd
   -2.04032e+05    3.00510e+02   -5.00395e+02    0.00000e+00

	<======  ###############  ==>
	<====  A V E R A G E S  ====>
	<==  ###############  ======>

	Statistics over 4181 steps using 42 frames

   Energies (kJ/mol)
          Angle    Proper Dih. Ryckaert-Bell.          LJ-14     Coulomb-14
    2.57217e+03    1.71274e+02    1.53512e+03    2.11153e+03    1.04203e+04
        LJ (SR)   Coulomb (SR)   Coul. recip.      Potential    Kinetic En.
    3.46589e+04   -3.05635e+05    1.79868e+03   -2.52367e+05    4.51068e+04
   Total Energy    Temperature Pressure (bar)   Constr. rmsd
   -2.07260e+05    2.88309e+02   -1.42974e+02    0.00000e+00

          Box-X          Box-Y          Box-Z
    6.14258e+00    5.76966e+00    5.47373e+00

   Total Virial (kJ/mol)
    1.58529e+04   -2.29934e+02   -6.72312e+01
   -2.29047e+02    1.58305e+04    1.41310e+02
   -6.67968e+01    1.40263e+02    1.59418e+04

   Pressure (bar)
   -1.43245e+02    4.28116e+01    1.07235e+01
    4.26613e+01   -1.34601e+02   -1.94652e+01
    1.06506e+01   -1.92856e+01   -1.51076e+02

  Epot (kJ/mol)        Coul-SR          LJ-SR        Coul-14          LJ-14   
Protein-Protein   -2.88605e+04   -1.96615e+03    1.04203e+04    2.11153e+03
    Protein-SOL   -9.31855e+03   -3.41681e+02    0.00000e+00    0.00000e+00
     Protein-NA   -2.29409e-03   -1.53503e-04    0.00000e+00    0.00000e+00
        SOL-SOL   -2.63971e+05    3.66744e+04    0.00000e+00    0.00000e+00
         SOL-NA   -2.01618e+03    2.92315e+02    0.00000e+00    0.00000e+00
          NA-NA   -1.46899e+03    0.00000e+00    0.00000e+00    0.00000e+00

      T-ProteinT-Water_and_ions
    2.85086e+02    2.88573e+02


	M E G A - F L O P S   A C C O U N T I N G

 NB=Group-cutoff nonbonded kernels    NxN=N-by-N cluster Verlet kernels
 RF=Reaction-Field  VdW=Van der Waals  QSTab=quadratic-spline table
 W3=SPC/TIP3p  W4=TIP4p (single or pairs)
 V&F=Potential and force  V=Potential only  F=Force only

 Computing:                               M-Number         M-Flops  % Flops
-----------------------------------------------------------------------------
 Pair Search distance check            1262.041826       11358.376     0.8
 NxN QSTab Elec. + LJ [F]             17027.404752      698123.595    48.5
 NxN QSTab Elec. + LJ [V&F]             176.910648       10437.728     0.7
 NxN QSTab Elec. [F]                  14661.972176      498507.054    34.7
 NxN QSTab Elec. [V&F]                  152.315272        6244.926     0.4
 1,4 nonbonded interactions              15.850171        1426.515     0.1
 Calc Weights                           236.084346        8499.036     0.6
 Spread Q Bspline                      5036.466048       10072.932     0.7
 Gather F Bspline                      5036.466048       30218.796     2.1
 3D-FFT                               18435.082612      147480.661    10.3
 Solve PME                               11.305424         723.547     0.1
 Shift-X                                  3.952620          23.716     0.0
 Angles                                  10.962582        1841.714     0.1
 Propers                                  1.158137         265.213     0.0
 RB-Dihedrals                            12.463561        3078.500     0.2
 Virial                                   7.905273         142.295     0.0
 Stop-CM                                  0.809346           8.093     0.0
 P-Coupling                               7.867596          47.206     0.0
 Calc-Ekin                               15.772836         425.867     0.0
 Lincs                                    6.052801         363.168     0.0
 Lincs-Mat                              131.613912         526.456     0.0
 Constraint-V                            84.794232         678.354     0.0
 Constraint-Vir                           7.889351         189.344     0.0
 Settle                                  24.236302        7828.326     0.5
-----------------------------------------------------------------------------
 Total                                                 1438511.418   100.0
-----------------------------------------------------------------------------


     R E A L   C Y C L E   A N D   T I M E   A C C O U N T I N G

On 1 MPI rank, each using 4 OpenMP threads

 Computing:          Num   Num      Call    Wall time         Giga-Cycles
                     Ranks Threads  Count      (s)         total sum    %
-----------------------------------------------------------------------------
 Neighbor search        1    4        210       1.373         18.191   2.9
 Force                  1    4       4181      23.456        310.759  49.8
 PME mesh               1    4       4181      18.514        245.286  39.3
 NB X/F buffer ops.     1    4       8152       0.235          3.118   0.5
 Write traj.            1    4         10       0.031          0.408   0.1
 Update                 1    4       4181       0.662          8.776   1.4
 Constraints            1    4       4181       2.328         30.839   4.9
 Rest                                           0.495          6.563   1.1
-----------------------------------------------------------------------------
 Total                                         47.095        623.939 100.0
-----------------------------------------------------------------------------
 Breakdown of PME mesh computation
-----------------------------------------------------------------------------
 PME spread/gather      1    4       8362      13.612        180.342  28.9
 PME 3D-FFT             1    4       8362       2.387         31.628   5.1
 PME solve Elec         1    4       4181       2.498         33.101   5.3
-----------------------------------------------------------------------------

               Core t (s)   Wall t (s)        (%)
       Time:      186.088       47.095      395.1
                 (ns/day)    (hour/ns)
Performance:       15.341        1.564
Finished mdrun on rank 0 Fri Dec  1 10:58:45 2017
